#
# A fatal error has been detected by the Java Runtime Environment:
#
#  EXCEPTION_ACCESS_VIOLATION (0xc0000005) at pc=0x00007fff2375b04e, pid=36136, tid=37476
#
# JRE version: Java(TM) SE Runtime Environment (17.0.11+7) (build 17.0.11+7-LTS-207)
# Java VM: Java HotSpot(TM) 64-Bit Server VM (17.0.11+7-LTS-207, mixed mode, sharing, tiered, compressed oops, compressed class ptrs, g1 gc, windows-amd64)
# Problematic frame:
# V  [jvm.dll+0x73b04e]
#
# No core dump will be written. Minidumps are not enabled by default on client versions of Windows
#
# If you would like to submit a bug report, please visit:
#   https://bugreport.java.com/bugreport/crash.jsp
#

---------------  S U M M A R Y ------------

Command Line: --add-opens=java.base/java.util=ALL-UNNAMED --add-opens=java.base/java.lang=ALL-UNNAMED --add-opens=java.base/java.lang.invoke=ALL-UNNAMED --add-opens=java.prefs/java.util.prefs=ALL-UNNAMED --add-exports=jdk.compiler/com.sun.tools.javac.api=ALL-UNNAMED --add-exports=jdk.compiler/com.sun.tools.javac.util=ALL-UNNAMED --add-opens=java.base/java.nio.charset=ALL-UNNAMED --add-opens=java.base/java.net=ALL-UNNAMED --add-opens=java.base/java.util.concurrent.atomic=ALL-UNNAMED -XX:MaxMetaspaceSize=384m -XX:+HeapDumpOnOutOfMemoryError -Xms256m -Xmx512m -Dfile.encoding=UTF-8 -Duser.country=BR -Duser.language=pt -Duser.variant -javaagent:C:\Users\rickn\.gradle\wrapper\dists\gradle-8.10.2-bin\a04bxjujx95o3nb99gddekhwo\gradle-8.10.2\lib\agents\gradle-instrumentation-agent-8.10.2.jar org.gradle.launcher.daemon.bootstrap.GradleDaemon 8.10.2

Host: 11th Gen Intel(R) Core(TM) i5-11400 @ 2.60GHz, 12 cores, 31G,  Windows 11 , 64 bit Build 22621 (10.0.22621.3958)
Time: Fri Oct 18 13:50:21 2024 Hora oficial do Brasil elapsed time: 2.620877 seconds (0d 0h 0m 2s)

---------------  T H R E A D  ---------------

Current thread (0x00000256c78dbcb0):  JavaThread "C2 CompilerThread2" daemon [_thread_in_native, id=37476, stack(0x000000fa6b900000,0x000000fa6ba00000)]


Current CompileTask:
C2:   2620 3199       4       java.lang.String::startsWith (7 bytes)

Stack: [0x000000fa6b900000,0x000000fa6ba00000],  sp=0x000000fa6b9fa010,  free space=1000k
Native frames: (J=compiled Java code, j=interpreted, Vv=VM code, C=native code)
V  [jvm.dll+0x73b04e]
V  [jvm.dll+0x57cd8e]
V  [jvm.dll+0x57aa24]
V  [jvm.dll+0x57a6c9]
V  [jvm.dll+0x57a5b0]
V  [jvm.dll+0x57a737]
V  [jvm.dll+0x58217a]
V  [jvm.dll+0x21ed62]
V  [jvm.dll+0x21f13f]
V  [jvm.dll+0x218331]
V  [jvm.dll+0x215505]
V  [jvm.dll+0x1a2040]
V  [jvm.dll+0x225a2b]
V  [jvm.dll+0x223bcb]
V  [jvm.dll+0x7903ec]
V  [jvm.dll+0x78a85a]
V  [jvm.dll+0x678bb5]
C  [ucrtbase.dll+0x29333]
C  [KERNEL32.DLL+0x1257d]
C  [ntdll.dll+0x5af08]


siginfo: EXCEPTION_ACCESS_VIOLATION (0xc0000005), writing address 0x000000021a1e22a0


Registers:
RAX=0x00000000cc31cd6c, RBX=0x000000fa6b9fe998, RCX=0x000000006b9fa070, RDX=0x000000fa6b9fe998
RSP=0x000000fa6b9fa010, RBP=0x000000fa6b9fe998, RSI=0x000000fa6b9fa7d0, RDI=0x000000fa6b9fa070
R8 =0x000000fa6b9fe998, R9 =0x00000000000000e0, R10=0x00007fffcab90000, R11=0x00007fffcab91b61
R12=0x0000000000000000, R13=0x000000fa6b9fa7d0, R14=0x0000000000000000, R15=0x0000000000000004
RIP=0x00007fff2375b04e, EFLAGS=0x0000000000010286


Register to memory mapping:

RIP=0x00007fff2375b04e jvm.dll
RAX=0x00000000cc31cd6c is an unknown value
RBX=0x000000fa6b9fe998 is pointing into the stack for thread: 0x00000256c78dbcb0
RCX=0x000000006b9fa070 is an unknown value
RDX=0x000000fa6b9fe998 is pointing into the stack for thread: 0x00000256c78dbcb0
RSP=0x000000fa6b9fa010 is pointing into the stack for thread: 0x00000256c78dbcb0
RBP=0x000000fa6b9fe998 is pointing into the stack for thread: 0x00000256c78dbcb0
RSI=0x000000fa6b9fa7d0 is pointing into the stack for thread: 0x00000256c78dbcb0
RDI=0x000000fa6b9fa070 is pointing into the stack for thread: 0x00000256c78dbcb0
R8 =0x000000fa6b9fe998 is pointing into the stack for thread: 0x00000256c78dbcb0
R9 =0x00000000000000e0 is an unknown value
R10=0x00007fffcab90000 VCRUNTIME140.dll
R11=0x00007fffcab91b61 VCRUNTIME140.dll
R12=0x0 is NULL
R13=0x000000fa6b9fa7d0 is pointing into the stack for thread: 0x00000256c78dbcb0
R14=0x0 is NULL
R15=0x0000000000000004 is an unknown value


Top of Stack: (sp=0x000000fa6b9fa010)
0x000000fa6b9fa010:   000000fa6b9fe998 000000fa6b9fa7d0
0x000000fa6b9fa020:   00000256aa807418 00000256c4fa8968
0x000000fa6b9fa030:   0000025600000010 000000000000001f
0x000000fa6b9fa040:   00007fff23020000 00007fff2359cd8e
0x000000fa6b9fa050:   00000256aa807418 000000000000001f
0x000000fa6b9fa060:   00000256c6e20ed0 000000000000001f
0x000000fa6b9fa070:   000000fa6b9fa7d0 000000fa6b9fe998
0x000000fa6b9fa080:   000000fa6b9fb890 0000000800000000
0x000000fa6b9fa090:   00000256c4113280 000000fa6b9fe998
0x000000fa6b9fa0a0:   0000039d00000000 00000256c41132c0
0x000000fa6b9fa0b0:   000000fa6b9fe998 0000000800000000
0x000000fa6b9fa0c0:   00000256c4114140 000000fa6b9fe998
0x000000fa6b9fa0d0:   0000000800000000 00000256c4114180
0x000000fa6b9fa0e0:   000000fa6b9fe998 0000000800000000
0x000000fa6b9fa0f0:   00000256c41141c0 000000fa6b9fe998
0x000000fa6b9fa100:   0000000800000000 00000256c4114200 

Instructions: (pc=0x00007fff2375b04e)
0x00007fff2375af4e:   89 b7 20 01 00 00 8d 4a f8 e8 b4 d6 c0 ff 44 89
0x00007fff2375af5e:   b7 28 01 00 00 ba 08 00 00 00 c7 87 2c 01 00 00
0x00007fff2375af6e:   08 00 00 00 8b ca 48 89 87 30 01 00 00 4c 89 30
0x00007fff2375af7e:   4c 89 70 08 4c 89 70 10 4c 89 70 18 4c 89 70 20
0x00007fff2375af8e:   4c 89 70 28 4c 89 70 30 4c 89 70 38 4c 89 70 40
0x00007fff2375af9e:   4c 89 70 48 4c 89 70 50 4c 89 70 58 4c 89 70 60
0x00007fff2375afae:   4c 89 70 68 4c 89 70 70 4c 89 70 78 48 89 9f 38
0x00007fff2375afbe:   01 00 00 48 8b 5f 08 4c 8b c3 48 89 9f 40 01 00
0x00007fff2375afce:   00 e8 3c d6 c0 ff 44 89 b7 48 01 00 00 0f 57 c0
0x00007fff2375afde:   c7 87 4c 01 00 00 08 00 00 00 b9 18 00 00 00 48
0x00007fff2375afee:   89 87 50 01 00 00 0f 11 00 0f 11 40 10 0f 11 40
0x00007fff2375affe:   20 0f 11 40 30 48 89 9f 58 01 00 00 48 8b 97 40
0x00007fff2375b00e:   01 00 00 e8 ba ab 96 ff 48 85 c0 74 0d 4c 89 30
0x00007fff2375b01e:   4c 89 70 08 4c 89 70 10 eb 03 49 8b c6 48 8b 97
0x00007fff2375b02e:   40 01 00 00 b9 18 00 00 00 48 89 87 60 01 00 00
0x00007fff2375b03e:   e8 8d ab 96 ff 48 85 c0 74 0d 4c 89 30 4c 89 70
0x00007fff2375b04e:   08 4c 89 70 10 eb 03 49 8b c6 48 89 87 68 01 00
0x00007fff2375b05e:   00 48 8d 8f 70 01 00 00 48 8b 57 08 e8 e1 8e 08
0x00007fff2375b06e:   00 48 8b 57 08 48 8d 8f 90 01 00 00 e8 d1 8e 08
0x00007fff2375b07e:   00 48 8b 5f 08 48 89 9f c8 01 00 00 48 81 7b 18
0x00007fff2375b08e:   7f ff ff ff 76 14 4c 8d 05 45 df 17 00 ba 80 00
0x00007fff2375b09e:   00 00 48 8b cb e8 b8 10 97 ff 48 8b 4b 18 48 8d
0x00007fff2375b0ae:   81 80 00 00 00 48 3b 43 20 76 15 45 33 c0 ba 80
0x00007fff2375b0be:   00 00 00 48 8b cb e8 17 0d 97 ff 48 8b c8 eb 04
0x00007fff2375b0ce:   48 89 43 18 48 8d 81 80 00 00 00 48 89 8f c0 01
0x00007fff2375b0de:   00 00 48 89 87 b8 01 00 00 ba 08 00 00 00 48 8d
0x00007fff2375b0ee:   41 f0 8b ca 48 89 87 b0 01 00 00 48 8b 5f 08 4c
0x00007fff2375b0fe:   8b c3 e8 0b d5 c0 ff 44 89 b7 d0 01 00 00 0f 57
0x00007fff2375b10e:   c0 c7 87 d4 01 00 00 08 00 00 00 ba 08 00 00 00
0x00007fff2375b11e:   48 89 87 d8 01 00 00 8b ca 0f 11 00 0f 11 40 10
0x00007fff2375b12e:   0f 11 40 20 0f 11 40 30 48 89 9f e0 01 00 00 48
0x00007fff2375b13e:   8b 5f 08 4c 8b c3 e8 c7 d4 c0 ff 44 89 b7 e8 01 


Stack slot to memory mapping:
stack at sp + 0 slots: 0x000000fa6b9fe998 is pointing into the stack for thread: 0x00000256c78dbcb0
stack at sp + 1 slots: 0x000000fa6b9fa7d0 is pointing into the stack for thread: 0x00000256c78dbcb0
stack at sp + 2 slots: 0x00000256aa807418 points into unknown readable memory: 0x00007fff2395b8c8 | c8 b8 95 23 ff 7f 00 00
stack at sp + 3 slots: 0x00000256c4fa8968 points into unknown readable memory: 0x00007fff2395bb98 | 98 bb 95 23 ff 7f 00 00
stack at sp + 4 slots: 0x0000025600000010 is an unknown value
stack at sp + 5 slots: 0x000000000000001f is an unknown value
stack at sp + 6 slots: 0x00007fff23020000 jvm.dll
stack at sp + 7 slots: 0x00007fff2359cd8e jvm.dll


---------------  P R O C E S S  ---------------

Threads class SMR info:
_java_thread_list=0x00000256c5e40f50, length=35, elements={
0x000002568f8d35a0, 0x00000256aa620fa0, 0x00000256aa622b70, 0x00000256aa63b850,
0x00000256aa63c410, 0x00000256aa63f680, 0x00000256aa640250, 0x00000256aa645c50,
0x00000256aa64ab10, 0x00000256aa64d520, 0x00000256aa60dd80, 0x00000256aa918cc0,
0x00000256aaa25a60, 0x00000256c590d020, 0x00000256c59dbdd0, 0x00000256c5c93080,
0x00000256c4af1290, 0x00000256c58c0030, 0x00000256c49a4240, 0x00000256c49a3d30,
0x00000256c49a6ac0, 0x00000256c49a5680, 0x00000256c49a5b90, 0x00000256c49a4750,
0x00000256c49a60a0, 0x00000256c49a65b0, 0x00000256c49a6fd0, 0x00000256c49a74e0,
0x00000256c49a4c60, 0x00000256c49a5170, 0x00000256c78dbcb0, 0x00000256c5ff7c30,
0x00000256c5ff62e0, 0x00000256c5ffc310, 0x00000256c5ff8650
}

Java Threads: ( => current thread )
  0x000002568f8d35a0 JavaThread "main" [_thread_blocked, id=21644, stack(0x000000fa68900000,0x000000fa68a00000)]
  0x00000256aa620fa0 JavaThread "Reference Handler" daemon [_thread_blocked, id=23228, stack(0x000000fa69000000,0x000000fa69100000)]
  0x00000256aa622b70 JavaThread "Finalizer" daemon [_thread_blocked, id=23232, stack(0x000000fa69100000,0x000000fa69200000)]
  0x00000256aa63b850 JavaThread "Signal Dispatcher" daemon [_thread_blocked, id=19240, stack(0x000000fa69200000,0x000000fa69300000)]
  0x00000256aa63c410 JavaThread "Attach Listener" daemon [_thread_blocked, id=23196, stack(0x000000fa69300000,0x000000fa69400000)]
  0x00000256aa63f680 JavaThread "Service Thread" daemon [_thread_blocked, id=1944, stack(0x000000fa69400000,0x000000fa69500000)]
  0x00000256aa640250 JavaThread "Monitor Deflation Thread" daemon [_thread_blocked, id=22792, stack(0x000000fa69500000,0x000000fa69600000)]
  0x00000256aa645c50 JavaThread "C2 CompilerThread0" daemon [_thread_blocked, id=17092, stack(0x000000fa69600000,0x000000fa69700000)]
  0x00000256aa64ab10 JavaThread "C1 CompilerThread0" daemon [_thread_blocked, id=19668, stack(0x000000fa69700000,0x000000fa69800000)]
  0x00000256aa64d520 JavaThread "Sweeper thread" daemon [_thread_blocked, id=22712, stack(0x000000fa69800000,0x000000fa69900000)]
  0x00000256aa60dd80 JavaThread "Common-Cleaner" daemon [_thread_blocked, id=22744, stack(0x000000fa69900000,0x000000fa69a00000)]
  0x00000256aa918cc0 JavaThread "Notification Thread" daemon [_thread_blocked, id=22728, stack(0x000000fa69a00000,0x000000fa69b00000)]
  0x00000256aaa25a60 JavaThread "C2 CompilerThread1" daemon [_thread_in_native, id=3824, stack(0x000000fa69c00000,0x000000fa69d00000)]
  0x00000256c590d020 JavaThread "Daemon health stats" [_thread_blocked, id=23796, stack(0x000000fa6a300000,0x000000fa6a400000)]
  0x00000256c59dbdd0 JavaThread "Incoming local TCP Connector on port 51882" [_thread_in_native, id=3372, stack(0x000000fa6a400000,0x000000fa6a500000)]
  0x00000256c5c93080 JavaThread "Daemon periodic checks" [_thread_blocked, id=38324, stack(0x000000fa69d00000,0x000000fa69e00000)]
  0x00000256c4af1290 JavaThread "Daemon" [_thread_blocked, id=33936, stack(0x000000fa6a500000,0x000000fa6a600000)]
  0x00000256c58c0030 JavaThread "Handler for socket connection from /127.0.0.1:51882 to /127.0.0.1:51883" [_thread_in_native, id=36284, stack(0x000000fa6a600000,0x000000fa6a700000)]
  0x00000256c49a4240 JavaThread "Cancel handler" [_thread_blocked, id=19108, stack(0x000000fa6a700000,0x000000fa6a800000)]
  0x00000256c49a3d30 JavaThread "Daemon worker" [_thread_in_vm, id=7184, stack(0x000000fa6a800000,0x000000fa6a900000)]
  0x00000256c49a6ac0 JavaThread "Asynchronous log dispatcher for DefaultDaemonConnection: socket connection from /127.0.0.1:51882 to /127.0.0.1:51883" [_thread_blocked, id=8056, stack(0x000000fa6a900000,0x000000fa6aa00000)]
  0x00000256c49a5680 JavaThread "Stdin handler" [_thread_blocked, id=25988, stack(0x000000fa6aa00000,0x000000fa6ab00000)]
  0x00000256c49a5b90 JavaThread "Daemon client event forwarder" [_thread_blocked, id=29896, stack(0x000000fa6ab00000,0x000000fa6ac00000)]
  0x00000256c49a4750 JavaThread "Cache worker for journal cache (C:\Users\rickn\.gradle\caches\journal-1)" [_thread_blocked, id=32520, stack(0x000000fa6ac00000,0x000000fa6ad00000)]
  0x00000256c49a60a0 JavaThread "File lock request listener" [_thread_in_native, id=3636, stack(0x000000fa6ad00000,0x000000fa6ae00000)]
  0x00000256c49a65b0 JavaThread "Cache worker for file hash cache (C:\Users\rickn\.gradle\caches\8.10.2\fileHashes)" [_thread_blocked, id=36940, stack(0x000000fa6ae00000,0x000000fa6af00000)]
  0x00000256c49a6fd0 JavaThread "Cache worker for file hash cache (D:\workspace\traffic-api\.gradle\8.10.2\fileHashes)" [_thread_blocked, id=11932, stack(0x000000fa6af00000,0x000000fa6b000000)]
  0x00000256c49a74e0 JavaThread "Cache worker for Build Output Cleanup Cache (D:\workspace\traffic-api\.gradle\buildOutputCleanup)" [_thread_blocked, id=13304, stack(0x000000fa6b000000,0x000000fa6b100000)]
  0x00000256c49a4c60 JavaThread "File watcher server" daemon [_thread_in_native, id=38876, stack(0x000000fa6b700000,0x000000fa6b800000)]
  0x00000256c49a5170 JavaThread "File watcher consumer" daemon [_thread_blocked, id=38072, stack(0x000000fa6b800000,0x000000fa6b900000)]
=>0x00000256c78dbcb0 JavaThread "C2 CompilerThread2" daemon [_thread_in_native, id=37476, stack(0x000000fa6b900000,0x000000fa6ba00000)]
  0x00000256c5ff7c30 JavaThread "Cache worker for checksums cache (D:\workspace\traffic-api\.gradle\8.10.2\checksums)" [_thread_blocked, id=22244, stack(0x000000fa6ba00000,0x000000fa6bb00000)]
  0x00000256c5ff62e0 JavaThread "Cache worker for file content cache (C:\Users\rickn\.gradle\caches\8.10.2\fileContent)" [_thread_blocked, id=18064, stack(0x000000fa6bb00000,0x000000fa6bc00000)]
  0x00000256c5ffc310 JavaThread "Cache worker for cache directory md-rule (C:\Users\rickn\.gradle\caches\8.10.2\md-rule)" [_thread_blocked, id=15600, stack(0x000000fa6bc00000,0x000000fa6bd00000)]
  0x00000256c5ff8650 JavaThread "Cache worker for cache directory md-supplier (C:\Users\rickn\.gradle\caches\8.10.2\md-supplier)" [_thread_blocked, id=28264, stack(0x000000fa6bd00000,0x000000fa6be00000)]

Other Threads:
  0x00000256aa61c350 VMThread "VM Thread" [stack: 0x000000fa68f00000,0x000000fa69000000] [id=23220]
  0x00000256aa961770 WatcherThread [stack: 0x000000fa69b00000,0x000000fa69c00000] [id=20972]
  0x000002568f9043c0 GCTaskThread "GC Thread#0" [stack: 0x000000fa68a00000,0x000000fa68b00000] [id=23204]
  0x00000256c4301700 GCTaskThread "GC Thread#1" [stack: 0x000000fa69e00000,0x000000fa69f00000] [id=37140]
  0x00000256c40ab6e0 GCTaskThread "GC Thread#2" [stack: 0x000000fa69f00000,0x000000fa6a000000] [id=24856]
  0x00000256aaa073c0 GCTaskThread "GC Thread#3" [stack: 0x000000fa6a000000,0x000000fa6a100000] [id=13860]
  0x00000256c4881c40 GCTaskThread "GC Thread#4" [stack: 0x000000fa6a100000,0x000000fa6a200000] [id=26496]
  0x00000256c4567150 GCTaskThread "GC Thread#5" [stack: 0x000000fa6a200000,0x000000fa6a300000] [id=22648]
  0x00000256c834e700 GCTaskThread "GC Thread#6" [stack: 0x000000fa6b100000,0x000000fa6b200000] [id=38024]
  0x00000256c834ef40 GCTaskThread "GC Thread#7" [stack: 0x000000fa6b200000,0x000000fa6b300000] [id=38464]
  0x00000256c834fd00 GCTaskThread "GC Thread#8" [stack: 0x000000fa6b300000,0x000000fa6b400000] [id=33788]
  0x00000256c834ffc0 GCTaskThread "GC Thread#9" [stack: 0x000000fa6b400000,0x000000fa6b500000] [id=36776]
  0x000002568f90a1c0 ConcurrentGCThread "G1 Main Marker" [stack: 0x000000fa68b00000,0x000000fa68c00000] [id=18948]
  0x000002568f90aa70 ConcurrentGCThread "G1 Conc#0" [stack: 0x000000fa68c00000,0x000000fa68d00000] [id=23212]
  0x00000256c834f4c0 ConcurrentGCThread "G1 Conc#1" [stack: 0x000000fa6b500000,0x000000fa6b600000] [id=36820]
  0x00000256c834f780 ConcurrentGCThread "G1 Conc#2" [stack: 0x000000fa6b600000,0x000000fa6b700000] [id=29820]
  0x00000256aa4e2140 ConcurrentGCThread "G1 Refine#0" [stack: 0x000000fa68d00000,0x000000fa68e00000] [id=23188]
  0x00000256aa4e2820 ConcurrentGCThread "G1 Service" [stack: 0x000000fa68e00000,0x000000fa68f00000] [id=23216]

Threads with active compile tasks:
C1 CompilerThread0     2646 3232       3       java.lang.invoke.LambdaFormEditor::getInCache (165 bytes)
C2 CompilerThread1     2646 3198   !   4       jdk.internal.loader.URLClassPath$JarLoader::getResource (354 bytes)
C2 CompilerThread2     2646 3199       4       java.lang.String::startsWith (7 bytes)

VM state: not at safepoint (normal execution)

VM Mutex/Monitor currently owned by a thread: None

Heap address: 0x00000000e0000000, size: 512 MB, Compressed Oops mode: 32-bit

CDS archive(s) mapped at: [0x00000256ab000000-0x00000256abbd0000-0x00000256abbd0000), size 12386304, SharedBaseAddress: 0x00000256ab000000, ArchiveRelocationMode: 1.
Compressed class space mapped at: 0x00000256ac000000-0x00000256c0000000, reserved size: 335544320
Narrow klass base: 0x00000256ab000000, Narrow klass shift: 0, Narrow klass range: 0x100000000

GC Precious Log:
 CPUs: 12 total, 12 available
 Memory: 32565M
 Large Page Support: Disabled
 NUMA Support: Disabled
 Compressed Oops: Enabled (32-bit)
 Heap Region Size: 1M
 Heap Min Capacity: 256M
 Heap Initial Capacity: 256M
 Heap Max Capacity: 512M
 Pre-touch: Disabled
 Parallel Workers: 10
 Concurrent Workers: 3
 Concurrent Refinement Workers: 10
 Periodic GC: Disabled

Heap:
 garbage-first heap   total 262144K, used 73995K [0x00000000e0000000, 0x0000000100000000)
  region size 1024K, 63 young (64512K), 14 survivors (14336K)
 Metaspace       used 27181K, committed 27520K, reserved 393216K
  class space    used 4070K, committed 4224K, reserved 327680K

Heap Regions: E=young(eden), S=young(survivor), O=old, HS=humongous(starts), HC=humongous(continues), CS=collection set, F=free, OA=open archive, CA=closed archive, TAMS=top-at-mark-start (previous, next)
|   0|0x00000000e0000000, 0x00000000e0100000, 0x00000000e0100000|100%| O|  |TAMS 0x00000000e0100000, 0x00000000e0000000| Untracked 
|   1|0x00000000e0100000, 0x00000000e0200000, 0x00000000e0200000|100%| O|  |TAMS 0x00000000e0200000, 0x00000000e0100000| Complete 
|   2|0x00000000e0200000, 0x00000000e0300000, 0x00000000e0300000|100%|HS|  |TAMS 0x00000000e0300000, 0x00000000e0200000| Complete 
|   3|0x00000000e0300000, 0x00000000e0400000, 0x00000000e0400000|100%|HC|  |TAMS 0x00000000e0400000, 0x00000000e0300000| Complete 
|   4|0x00000000e0400000, 0x00000000e0500000, 0x00000000e0500000|100%|HC|  |TAMS 0x00000000e0500000, 0x00000000e0400000| Complete 
|   5|0x00000000e0500000, 0x00000000e0600000, 0x00000000e0600000|100%|HC|  |TAMS 0x00000000e0600000, 0x00000000e0500000| Complete 
|   6|0x00000000e0600000, 0x00000000e0700000, 0x00000000e0700000|100%| O|  |TAMS 0x00000000e0700000, 0x00000000e0600000| Untracked 
|   7|0x00000000e0700000, 0x00000000e0800000, 0x00000000e0800000|100%| O|  |TAMS 0x00000000e0800000, 0x00000000e0700000| Untracked 
|   8|0x00000000e0800000, 0x00000000e0900000, 0x00000000e0900000|100%| O|  |TAMS 0x00000000e0900000, 0x00000000e0800000| Untracked 
|   9|0x00000000e0900000, 0x00000000e0a00000, 0x00000000e0a00000|100%|HS|  |TAMS 0x00000000e0a00000, 0x00000000e0900000| Complete 
|  10|0x00000000e0a00000, 0x00000000e0a00000, 0x00000000e0b00000|  0%| F|  |TAMS 0x00000000e0a00000, 0x00000000e0a00000| Untracked 
|  11|0x00000000e0b00000, 0x00000000e0b72200, 0x00000000e0c00000| 44%| O|  |TAMS 0x00000000e0b72200, 0x00000000e0b00000| Untracked 
|  12|0x00000000e0c00000, 0x00000000e0c00000, 0x00000000e0d00000|  0%| F|  |TAMS 0x00000000e0c00000, 0x00000000e0c00000| Untracked 
|  13|0x00000000e0d00000, 0x00000000e0d00000, 0x00000000e0e00000|  0%| F|  |TAMS 0x00000000e0d00000, 0x00000000e0d00000| Untracked 
|  14|0x00000000e0e00000, 0x00000000e0e00000, 0x00000000e0f00000|  0%| F|  |TAMS 0x00000000e0e00000, 0x00000000e0e00000| Untracked 
|  15|0x00000000e0f00000, 0x00000000e0f00000, 0x00000000e1000000|  0%| F|  |TAMS 0x00000000e0f00000, 0x00000000e0f00000| Untracked 
|  16|0x00000000e1000000, 0x00000000e1000000, 0x00000000e1100000|  0%| F|  |TAMS 0x00000000e1000000, 0x00000000e1000000| Untracked 
|  17|0x00000000e1100000, 0x00000000e1100000, 0x00000000e1200000|  0%| F|  |TAMS 0x00000000e1100000, 0x00000000e1100000| Untracked 
|  18|0x00000000e1200000, 0x00000000e1200000, 0x00000000e1300000|  0%| F|  |TAMS 0x00000000e1200000, 0x00000000e1200000| Untracked 
|  19|0x00000000e1300000, 0x00000000e1300000, 0x00000000e1400000|  0%| F|  |TAMS 0x00000000e1300000, 0x00000000e1300000| Untracked 
|  20|0x00000000e1400000, 0x00000000e1400000, 0x00000000e1500000|  0%| F|  |TAMS 0x00000000e1400000, 0x00000000e1400000| Untracked 
|  21|0x00000000e1500000, 0x00000000e1500000, 0x00000000e1600000|  0%| F|  |TAMS 0x00000000e1500000, 0x00000000e1500000| Untracked 
|  22|0x00000000e1600000, 0x00000000e1600000, 0x00000000e1700000|  0%| F|  |TAMS 0x00000000e1600000, 0x00000000e1600000| Untracked 
|  23|0x00000000e1700000, 0x00000000e1700000, 0x00000000e1800000|  0%| F|  |TAMS 0x00000000e1700000, 0x00000000e1700000| Untracked 
|  24|0x00000000e1800000, 0x00000000e1800000, 0x00000000e1900000|  0%| F|  |TAMS 0x00000000e1800000, 0x00000000e1800000| Untracked 
|  25|0x00000000e1900000, 0x00000000e1900000, 0x00000000e1a00000|  0%| F|  |TAMS 0x00000000e1900000, 0x00000000e1900000| Untracked 
|  26|0x00000000e1a00000, 0x00000000e1a00000, 0x00000000e1b00000|  0%| F|  |TAMS 0x00000000e1a00000, 0x00000000e1a00000| Untracked 
|  27|0x00000000e1b00000, 0x00000000e1b00000, 0x00000000e1c00000|  0%| F|  |TAMS 0x00000000e1b00000, 0x00000000e1b00000| Untracked 
|  28|0x00000000e1c00000, 0x00000000e1c00000, 0x00000000e1d00000|  0%| F|  |TAMS 0x00000000e1c00000, 0x00000000e1c00000| Untracked 
|  29|0x00000000e1d00000, 0x00000000e1d00000, 0x00000000e1e00000|  0%| F|  |TAMS 0x00000000e1d00000, 0x00000000e1d00000| Untracked 
|  30|0x00000000e1e00000, 0x00000000e1e00000, 0x00000000e1f00000|  0%| F|  |TAMS 0x00000000e1e00000, 0x00000000e1e00000| Untracked 
|  31|0x00000000e1f00000, 0x00000000e1f00000, 0x00000000e2000000|  0%| F|  |TAMS 0x00000000e1f00000, 0x00000000e1f00000| Untracked 
|  32|0x00000000e2000000, 0x00000000e2000000, 0x00000000e2100000|  0%| F|  |TAMS 0x00000000e2000000, 0x00000000e2000000| Untracked 
|  33|0x00000000e2100000, 0x00000000e2100000, 0x00000000e2200000|  0%| F|  |TAMS 0x00000000e2100000, 0x00000000e2100000| Untracked 
|  34|0x00000000e2200000, 0x00000000e2200000, 0x00000000e2300000|  0%| F|  |TAMS 0x00000000e2200000, 0x00000000e2200000| Untracked 
|  35|0x00000000e2300000, 0x00000000e2300000, 0x00000000e2400000|  0%| F|  |TAMS 0x00000000e2300000, 0x00000000e2300000| Untracked 
|  36|0x00000000e2400000, 0x00000000e2400000, 0x00000000e2500000|  0%| F|  |TAMS 0x00000000e2400000, 0x00000000e2400000| Untracked 
|  37|0x00000000e2500000, 0x00000000e2500000, 0x00000000e2600000|  0%| F|  |TAMS 0x00000000e2500000, 0x00000000e2500000| Untracked 
|  38|0x00000000e2600000, 0x00000000e2600000, 0x00000000e2700000|  0%| F|  |TAMS 0x00000000e2600000, 0x00000000e2600000| Untracked 
|  39|0x00000000e2700000, 0x00000000e2700000, 0x00000000e2800000|  0%| F|  |TAMS 0x00000000e2700000, 0x00000000e2700000| Untracked 
|  40|0x00000000e2800000, 0x00000000e2800000, 0x00000000e2900000|  0%| F|  |TAMS 0x00000000e2800000, 0x00000000e2800000| Untracked 
|  41|0x00000000e2900000, 0x00000000e2900000, 0x00000000e2a00000|  0%| F|  |TAMS 0x00000000e2900000, 0x00000000e2900000| Untracked 
|  42|0x00000000e2a00000, 0x00000000e2a00000, 0x00000000e2b00000|  0%| F|  |TAMS 0x00000000e2a00000, 0x00000000e2a00000| Untracked 
|  43|0x00000000e2b00000, 0x00000000e2b00000, 0x00000000e2c00000|  0%| F|  |TAMS 0x00000000e2b00000, 0x00000000e2b00000| Untracked 
|  44|0x00000000e2c00000, 0x00000000e2c00000, 0x00000000e2d00000|  0%| F|  |TAMS 0x00000000e2c00000, 0x00000000e2c00000| Untracked 
|  45|0x00000000e2d00000, 0x00000000e2d00000, 0x00000000e2e00000|  0%| F|  |TAMS 0x00000000e2d00000, 0x00000000e2d00000| Untracked 
|  46|0x00000000e2e00000, 0x00000000e2e00000, 0x00000000e2f00000|  0%| F|  |TAMS 0x00000000e2e00000, 0x00000000e2e00000| Untracked 
|  47|0x00000000e2f00000, 0x00000000e2f00000, 0x00000000e3000000|  0%| F|  |TAMS 0x00000000e2f00000, 0x00000000e2f00000| Untracked 
|  48|0x00000000e3000000, 0x00000000e3000000, 0x00000000e3100000|  0%| F|  |TAMS 0x00000000e3000000, 0x00000000e3000000| Untracked 
|  49|0x00000000e3100000, 0x00000000e3100000, 0x00000000e3200000|  0%| F|  |TAMS 0x00000000e3100000, 0x00000000e3100000| Untracked 
|  50|0x00000000e3200000, 0x00000000e3200000, 0x00000000e3300000|  0%| F|  |TAMS 0x00000000e3200000, 0x00000000e3200000| Untracked 
|  51|0x00000000e3300000, 0x00000000e3300000, 0x00000000e3400000|  0%| F|  |TAMS 0x00000000e3300000, 0x00000000e3300000| Untracked 
|  52|0x00000000e3400000, 0x00000000e3400000, 0x00000000e3500000|  0%| F|  |TAMS 0x00000000e3400000, 0x00000000e3400000| Untracked 
|  53|0x00000000e3500000, 0x00000000e3500000, 0x00000000e3600000|  0%| F|  |TAMS 0x00000000e3500000, 0x00000000e3500000| Untracked 
|  54|0x00000000e3600000, 0x00000000e3600000, 0x00000000e3700000|  0%| F|  |TAMS 0x00000000e3600000, 0x00000000e3600000| Untracked 
|  55|0x00000000e3700000, 0x00000000e3700000, 0x00000000e3800000|  0%| F|  |TAMS 0x00000000e3700000, 0x00000000e3700000| Untracked 
|  56|0x00000000e3800000, 0x00000000e3800000, 0x00000000e3900000|  0%| F|  |TAMS 0x00000000e3800000, 0x00000000e3800000| Untracked 
|  57|0x00000000e3900000, 0x00000000e3900000, 0x00000000e3a00000|  0%| F|  |TAMS 0x00000000e3900000, 0x00000000e3900000| Untracked 
|  58|0x00000000e3a00000, 0x00000000e3a00000, 0x00000000e3b00000|  0%| F|  |TAMS 0x00000000e3a00000, 0x00000000e3a00000| Untracked 
|  59|0x00000000e3b00000, 0x00000000e3b00000, 0x00000000e3c00000|  0%| F|  |TAMS 0x00000000e3b00000, 0x00000000e3b00000| Untracked 
|  60|0x00000000e3c00000, 0x00000000e3c00000, 0x00000000e3d00000|  0%| F|  |TAMS 0x00000000e3c00000, 0x00000000e3c00000| Untracked 
|  61|0x00000000e3d00000, 0x00000000e3d00000, 0x00000000e3e00000|  0%| F|  |TAMS 0x00000000e3d00000, 0x00000000e3d00000| Untracked 
|  62|0x00000000e3e00000, 0x00000000e3e00000, 0x00000000e3f00000|  0%| F|  |TAMS 0x00000000e3e00000, 0x00000000e3e00000| Untracked 
|  63|0x00000000e3f00000, 0x00000000e3f00000, 0x00000000e4000000|  0%| F|  |TAMS 0x00000000e3f00000, 0x00000000e3f00000| Untracked 
|  64|0x00000000e4000000, 0x00000000e4000000, 0x00000000e4100000|  0%| F|  |TAMS 0x00000000e4000000, 0x00000000e4000000| Untracked 
|  65|0x00000000e4100000, 0x00000000e4100000, 0x00000000e4200000|  0%| F|  |TAMS 0x00000000e4100000, 0x00000000e4100000| Untracked 
|  66|0x00000000e4200000, 0x00000000e4200000, 0x00000000e4300000|  0%| F|  |TAMS 0x00000000e4200000, 0x00000000e4200000| Untracked 
|  67|0x00000000e4300000, 0x00000000e4300000, 0x00000000e4400000|  0%| F|  |TAMS 0x00000000e4300000, 0x00000000e4300000| Untracked 
|  68|0x00000000e4400000, 0x00000000e4400000, 0x00000000e4500000|  0%| F|  |TAMS 0x00000000e4400000, 0x00000000e4400000| Untracked 
|  69|0x00000000e4500000, 0x00000000e4500000, 0x00000000e4600000|  0%| F|  |TAMS 0x00000000e4500000, 0x00000000e4500000| Untracked 
|  70|0x00000000e4600000, 0x00000000e4600000, 0x00000000e4700000|  0%| F|  |TAMS 0x00000000e4600000, 0x00000000e4600000| Untracked 
|  71|0x00000000e4700000, 0x00000000e4700000, 0x00000000e4800000|  0%| F|  |TAMS 0x00000000e4700000, 0x00000000e4700000| Untracked 
|  72|0x00000000e4800000, 0x00000000e4800000, 0x00000000e4900000|  0%| F|  |TAMS 0x00000000e4800000, 0x00000000e4800000| Untracked 
|  73|0x00000000e4900000, 0x00000000e4900000, 0x00000000e4a00000|  0%| F|  |TAMS 0x00000000e4900000, 0x00000000e4900000| Untracked 
|  74|0x00000000e4a00000, 0x00000000e4a00000, 0x00000000e4b00000|  0%| F|  |TAMS 0x00000000e4a00000, 0x00000000e4a00000| Untracked 
|  75|0x00000000e4b00000, 0x00000000e4b00000, 0x00000000e4c00000|  0%| F|  |TAMS 0x00000000e4b00000, 0x00000000e4b00000| Untracked 
|  76|0x00000000e4c00000, 0x00000000e4c00000, 0x00000000e4d00000|  0%| F|  |TAMS 0x00000000e4c00000, 0x00000000e4c00000| Untracked 
|  77|0x00000000e4d00000, 0x00000000e4d00000, 0x00000000e4e00000|  0%| F|  |TAMS 0x00000000e4d00000, 0x00000000e4d00000| Untracked 
|  78|0x00000000e4e00000, 0x00000000e4e00000, 0x00000000e4f00000|  0%| F|  |TAMS 0x00000000e4e00000, 0x00000000e4e00000| Untracked 
|  79|0x00000000e4f00000, 0x00000000e4f00000, 0x00000000e5000000|  0%| F|  |TAMS 0x00000000e4f00000, 0x00000000e4f00000| Untracked 
|  80|0x00000000e5000000, 0x00000000e5000000, 0x00000000e5100000|  0%| F|  |TAMS 0x00000000e5000000, 0x00000000e5000000| Untracked 
|  81|0x00000000e5100000, 0x00000000e5100000, 0x00000000e5200000|  0%| F|  |TAMS 0x00000000e5100000, 0x00000000e5100000| Untracked 
|  82|0x00000000e5200000, 0x00000000e5200000, 0x00000000e5300000|  0%| F|  |TAMS 0x00000000e5200000, 0x00000000e5200000| Untracked 
|  83|0x00000000e5300000, 0x00000000e5300000, 0x00000000e5400000|  0%| F|  |TAMS 0x00000000e5300000, 0x00000000e5300000| Untracked 
|  84|0x00000000e5400000, 0x00000000e5400000, 0x00000000e5500000|  0%| F|  |TAMS 0x00000000e5400000, 0x00000000e5400000| Untracked 
|  85|0x00000000e5500000, 0x00000000e5500000, 0x00000000e5600000|  0%| F|  |TAMS 0x00000000e5500000, 0x00000000e5500000| Untracked 
|  86|0x00000000e5600000, 0x00000000e5600000, 0x00000000e5700000|  0%| F|  |TAMS 0x00000000e5600000, 0x00000000e5600000| Untracked 
|  87|0x00000000e5700000, 0x00000000e5700000, 0x00000000e5800000|  0%| F|  |TAMS 0x00000000e5700000, 0x00000000e5700000| Untracked 
|  88|0x00000000e5800000, 0x00000000e5800000, 0x00000000e5900000|  0%| F|  |TAMS 0x00000000e5800000, 0x00000000e5800000| Untracked 
|  89|0x00000000e5900000, 0x00000000e5900000, 0x00000000e5a00000|  0%| F|  |TAMS 0x00000000e5900000, 0x00000000e5900000| Untracked 
|  90|0x00000000e5a00000, 0x00000000e5a00000, 0x00000000e5b00000|  0%| F|  |TAMS 0x00000000e5a00000, 0x00000000e5a00000| Untracked 
|  91|0x00000000e5b00000, 0x00000000e5b00000, 0x00000000e5c00000|  0%| F|  |TAMS 0x00000000e5b00000, 0x00000000e5b00000| Untracked 
|  92|0x00000000e5c00000, 0x00000000e5c00000, 0x00000000e5d00000|  0%| F|  |TAMS 0x00000000e5c00000, 0x00000000e5c00000| Untracked 
|  93|0x00000000e5d00000, 0x00000000e5d00000, 0x00000000e5e00000|  0%| F|  |TAMS 0x00000000e5d00000, 0x00000000e5d00000| Untracked 
|  94|0x00000000e5e00000, 0x00000000e5e00000, 0x00000000e5f00000|  0%| F|  |TAMS 0x00000000e5e00000, 0x00000000e5e00000| Untracked 
|  95|0x00000000e5f00000, 0x00000000e5f00000, 0x00000000e6000000|  0%| F|  |TAMS 0x00000000e5f00000, 0x00000000e5f00000| Untracked 
|  96|0x00000000e6000000, 0x00000000e6000000, 0x00000000e6100000|  0%| F|  |TAMS 0x00000000e6000000, 0x00000000e6000000| Untracked 
|  97|0x00000000e6100000, 0x00000000e6100000, 0x00000000e6200000|  0%| F|  |TAMS 0x00000000e6100000, 0x00000000e6100000| Untracked 
|  98|0x00000000e6200000, 0x00000000e6200000, 0x00000000e6300000|  0%| F|  |TAMS 0x00000000e6200000, 0x00000000e6200000| Untracked 
|  99|0x00000000e6300000, 0x00000000e6300000, 0x00000000e6400000|  0%| F|  |TAMS 0x00000000e6300000, 0x00000000e6300000| Untracked 
| 100|0x00000000e6400000, 0x00000000e6400000, 0x00000000e6500000|  0%| F|  |TAMS 0x00000000e6400000, 0x00000000e6400000| Untracked 
| 101|0x00000000e6500000, 0x00000000e6500000, 0x00000000e6600000|  0%| F|  |TAMS 0x00000000e6500000, 0x00000000e6500000| Untracked 
| 102|0x00000000e6600000, 0x00000000e6600000, 0x00000000e6700000|  0%| F|  |TAMS 0x00000000e6600000, 0x00000000e6600000| Untracked 
| 103|0x00000000e6700000, 0x00000000e6700000, 0x00000000e6800000|  0%| F|  |TAMS 0x00000000e6700000, 0x00000000e6700000| Untracked 
| 104|0x00000000e6800000, 0x00000000e6800000, 0x00000000e6900000|  0%| F|  |TAMS 0x00000000e6800000, 0x00000000e6800000| Untracked 
| 105|0x00000000e6900000, 0x00000000e6900000, 0x00000000e6a00000|  0%| F|  |TAMS 0x00000000e6900000, 0x00000000e6900000| Untracked 
| 106|0x00000000e6a00000, 0x00000000e6a00000, 0x00000000e6b00000|  0%| F|  |TAMS 0x00000000e6a00000, 0x00000000e6a00000| Untracked 
| 107|0x00000000e6b00000, 0x00000000e6b00000, 0x00000000e6c00000|  0%| F|  |TAMS 0x00000000e6b00000, 0x00000000e6b00000| Untracked 
| 108|0x00000000e6c00000, 0x00000000e6c00000, 0x00000000e6d00000|  0%| F|  |TAMS 0x00000000e6c00000, 0x00000000e6c00000| Untracked 
| 109|0x00000000e6d00000, 0x00000000e6d00000, 0x00000000e6e00000|  0%| F|  |TAMS 0x00000000e6d00000, 0x00000000e6d00000| Untracked 
| 110|0x00000000e6e00000, 0x00000000e6e00000, 0x00000000e6f00000|  0%| F|  |TAMS 0x00000000e6e00000, 0x00000000e6e00000| Untracked 
| 111|0x00000000e6f00000, 0x00000000e6f00000, 0x00000000e7000000|  0%| F|  |TAMS 0x00000000e6f00000, 0x00000000e6f00000| Untracked 
| 112|0x00000000e7000000, 0x00000000e7000000, 0x00000000e7100000|  0%| F|  |TAMS 0x00000000e7000000, 0x00000000e7000000| Untracked 
| 113|0x00000000e7100000, 0x00000000e7100000, 0x00000000e7200000|  0%| F|  |TAMS 0x00000000e7100000, 0x00000000e7100000| Untracked 
| 114|0x00000000e7200000, 0x00000000e7200000, 0x00000000e7300000|  0%| F|  |TAMS 0x00000000e7200000, 0x00000000e7200000| Untracked 
| 115|0x00000000e7300000, 0x00000000e7300000, 0x00000000e7400000|  0%| F|  |TAMS 0x00000000e7300000, 0x00000000e7300000| Untracked 
| 116|0x00000000e7400000, 0x00000000e7400000, 0x00000000e7500000|  0%| F|  |TAMS 0x00000000e7400000, 0x00000000e7400000| Untracked 
| 117|0x00000000e7500000, 0x00000000e7500000, 0x00000000e7600000|  0%| F|  |TAMS 0x00000000e7500000, 0x00000000e7500000| Untracked 
| 118|0x00000000e7600000, 0x00000000e7600000, 0x00000000e7700000|  0%| F|  |TAMS 0x00000000e7600000, 0x00000000e7600000| Untracked 
| 119|0x00000000e7700000, 0x00000000e7700000, 0x00000000e7800000|  0%| F|  |TAMS 0x00000000e7700000, 0x00000000e7700000| Untracked 
| 120|0x00000000e7800000, 0x00000000e7800000, 0x00000000e7900000|  0%| F|  |TAMS 0x00000000e7800000, 0x00000000e7800000| Untracked 
| 121|0x00000000e7900000, 0x00000000e7900000, 0x00000000e7a00000|  0%| F|  |TAMS 0x00000000e7900000, 0x00000000e7900000| Untracked 
| 122|0x00000000e7a00000, 0x00000000e7a00000, 0x00000000e7b00000|  0%| F|  |TAMS 0x00000000e7a00000, 0x00000000e7a00000| Untracked 
| 123|0x00000000e7b00000, 0x00000000e7b00000, 0x00000000e7c00000|  0%| F|  |TAMS 0x00000000e7b00000, 0x00000000e7b00000| Untracked 
| 124|0x00000000e7c00000, 0x00000000e7c00000, 0x00000000e7d00000|  0%| F|  |TAMS 0x00000000e7c00000, 0x00000000e7c00000| Untracked 
| 125|0x00000000e7d00000, 0x00000000e7d00000, 0x00000000e7e00000|  0%| F|  |TAMS 0x00000000e7d00000, 0x00000000e7d00000| Untracked 
| 126|0x00000000e7e00000, 0x00000000e7e00000, 0x00000000e7f00000|  0%| F|  |TAMS 0x00000000e7e00000, 0x00000000e7e00000| Untracked 
| 127|0x00000000e7f00000, 0x00000000e7f00000, 0x00000000e8000000|  0%| F|  |TAMS 0x00000000e7f00000, 0x00000000e7f00000| Untracked 
| 128|0x00000000e8000000, 0x00000000e8000000, 0x00000000e8100000|  0%| F|  |TAMS 0x00000000e8000000, 0x00000000e8000000| Untracked 
| 129|0x00000000e8100000, 0x00000000e8100000, 0x00000000e8200000|  0%| F|  |TAMS 0x00000000e8100000, 0x00000000e8100000| Untracked 
| 130|0x00000000e8200000, 0x00000000e8200000, 0x00000000e8300000|  0%| F|  |TAMS 0x00000000e8200000, 0x00000000e8200000| Untracked 
| 131|0x00000000e8300000, 0x00000000e8300000, 0x00000000e8400000|  0%| F|  |TAMS 0x00000000e8300000, 0x00000000e8300000| Untracked 
| 132|0x00000000e8400000, 0x00000000e8400000, 0x00000000e8500000|  0%| F|  |TAMS 0x00000000e8400000, 0x00000000e8400000| Untracked 
| 133|0x00000000e8500000, 0x00000000e8500000, 0x00000000e8600000|  0%| F|  |TAMS 0x00000000e8500000, 0x00000000e8500000| Untracked 
| 134|0x00000000e8600000, 0x00000000e8600000, 0x00000000e8700000|  0%| F|  |TAMS 0x00000000e8600000, 0x00000000e8600000| Untracked 
| 135|0x00000000e8700000, 0x00000000e8700000, 0x00000000e8800000|  0%| F|  |TAMS 0x00000000e8700000, 0x00000000e8700000| Untracked 
| 136|0x00000000e8800000, 0x00000000e88d0c00, 0x00000000e8900000| 81%| S|CS|TAMS 0x00000000e8800000, 0x00000000e8800000| Complete 
| 137|0x00000000e8900000, 0x00000000e8a00000, 0x00000000e8a00000|100%| S|CS|TAMS 0x00000000e8900000, 0x00000000e8900000| Complete 
| 138|0x00000000e8a00000, 0x00000000e8b00000, 0x00000000e8b00000|100%| S|CS|TAMS 0x00000000e8a00000, 0x00000000e8a00000| Complete 
| 139|0x00000000e8b00000, 0x00000000e8c00000, 0x00000000e8c00000|100%| S|CS|TAMS 0x00000000e8b00000, 0x00000000e8b00000| Complete 
| 140|0x00000000e8c00000, 0x00000000e8d00000, 0x00000000e8d00000|100%| S|CS|TAMS 0x00000000e8c00000, 0x00000000e8c00000| Complete 
| 141|0x00000000e8d00000, 0x00000000e8e00000, 0x00000000e8e00000|100%| S|CS|TAMS 0x00000000e8d00000, 0x00000000e8d00000| Complete 
| 142|0x00000000e8e00000, 0x00000000e8f00000, 0x00000000e8f00000|100%| S|CS|TAMS 0x00000000e8e00000, 0x00000000e8e00000| Complete 
| 143|0x00000000e8f00000, 0x00000000e9000000, 0x00000000e9000000|100%| S|CS|TAMS 0x00000000e8f00000, 0x00000000e8f00000| Complete 
| 144|0x00000000e9000000, 0x00000000e9100000, 0x00000000e9100000|100%| S|CS|TAMS 0x00000000e9000000, 0x00000000e9000000| Complete 
| 145|0x00000000e9100000, 0x00000000e9200000, 0x00000000e9200000|100%| S|CS|TAMS 0x00000000e9100000, 0x00000000e9100000| Complete 
| 146|0x00000000e9200000, 0x00000000e9300000, 0x00000000e9300000|100%| S|CS|TAMS 0x00000000e9200000, 0x00000000e9200000| Complete 
| 147|0x00000000e9300000, 0x00000000e9400000, 0x00000000e9400000|100%| S|CS|TAMS 0x00000000e9300000, 0x00000000e9300000| Complete 
| 148|0x00000000e9400000, 0x00000000e9500000, 0x00000000e9500000|100%| S|CS|TAMS 0x00000000e9400000, 0x00000000e9400000| Complete 
| 149|0x00000000e9500000, 0x00000000e9600000, 0x00000000e9600000|100%| S|CS|TAMS 0x00000000e9500000, 0x00000000e9500000| Complete 
| 150|0x00000000e9600000, 0x00000000e9600000, 0x00000000e9700000|  0%| F|  |TAMS 0x00000000e9600000, 0x00000000e9600000| Untracked 
| 151|0x00000000e9700000, 0x00000000e9700000, 0x00000000e9800000|  0%| F|  |TAMS 0x00000000e9700000, 0x00000000e9700000| Untracked 
| 152|0x00000000e9800000, 0x00000000e9800000, 0x00000000e9900000|  0%| F|  |TAMS 0x00000000e9800000, 0x00000000e9800000| Untracked 
| 153|0x00000000e9900000, 0x00000000e9900000, 0x00000000e9a00000|  0%| F|  |TAMS 0x00000000e9900000, 0x00000000e9900000| Untracked 
| 154|0x00000000e9a00000, 0x00000000e9a00000, 0x00000000e9b00000|  0%| F|  |TAMS 0x00000000e9a00000, 0x00000000e9a00000| Untracked 
| 155|0x00000000e9b00000, 0x00000000e9b00000, 0x00000000e9c00000|  0%| F|  |TAMS 0x00000000e9b00000, 0x00000000e9b00000| Untracked 
| 156|0x00000000e9c00000, 0x00000000e9c00000, 0x00000000e9d00000|  0%| F|  |TAMS 0x00000000e9c00000, 0x00000000e9c00000| Untracked 
| 157|0x00000000e9d00000, 0x00000000e9d00000, 0x00000000e9e00000|  0%| F|  |TAMS 0x00000000e9d00000, 0x00000000e9d00000| Untracked 
| 158|0x00000000e9e00000, 0x00000000e9e00000, 0x00000000e9f00000|  0%| F|  |TAMS 0x00000000e9e00000, 0x00000000e9e00000| Untracked 
| 159|0x00000000e9f00000, 0x00000000e9f00000, 0x00000000ea000000|  0%| F|  |TAMS 0x00000000e9f00000, 0x00000000e9f00000| Untracked 
| 160|0x00000000ea000000, 0x00000000ea000000, 0x00000000ea100000|  0%| F|  |TAMS 0x00000000ea000000, 0x00000000ea000000| Untracked 
| 161|0x00000000ea100000, 0x00000000ea100000, 0x00000000ea200000|  0%| F|  |TAMS 0x00000000ea100000, 0x00000000ea100000| Untracked 
| 162|0x00000000ea200000, 0x00000000ea200000, 0x00000000ea300000|  0%| F|  |TAMS 0x00000000ea200000, 0x00000000ea200000| Untracked 
| 163|0x00000000ea300000, 0x00000000ea300000, 0x00000000ea400000|  0%| F|  |TAMS 0x00000000ea300000, 0x00000000ea300000| Untracked 
| 164|0x00000000ea400000, 0x00000000ea400000, 0x00000000ea500000|  0%| F|  |TAMS 0x00000000ea400000, 0x00000000ea400000| Untracked 
| 165|0x00000000ea500000, 0x00000000ea500000, 0x00000000ea600000|  0%| F|  |TAMS 0x00000000ea500000, 0x00000000ea500000| Untracked 
| 166|0x00000000ea600000, 0x00000000ea600000, 0x00000000ea700000|  0%| F|  |TAMS 0x00000000ea600000, 0x00000000ea600000| Untracked 
| 167|0x00000000ea700000, 0x00000000ea700000, 0x00000000ea800000|  0%| F|  |TAMS 0x00000000ea700000, 0x00000000ea700000| Untracked 
| 168|0x00000000ea800000, 0x00000000ea800000, 0x00000000ea900000|  0%| F|  |TAMS 0x00000000ea800000, 0x00000000ea800000| Untracked 
| 169|0x00000000ea900000, 0x00000000ea900000, 0x00000000eaa00000|  0%| F|  |TAMS 0x00000000ea900000, 0x00000000ea900000| Untracked 
| 170|0x00000000eaa00000, 0x00000000eaa00000, 0x00000000eab00000|  0%| F|  |TAMS 0x00000000eaa00000, 0x00000000eaa00000| Untracked 
| 171|0x00000000eab00000, 0x00000000eab00000, 0x00000000eac00000|  0%| F|  |TAMS 0x00000000eab00000, 0x00000000eab00000| Untracked 
| 172|0x00000000eac00000, 0x00000000eac00000, 0x00000000ead00000|  0%| F|  |TAMS 0x00000000eac00000, 0x00000000eac00000| Untracked 
| 173|0x00000000ead00000, 0x00000000ead00000, 0x00000000eae00000|  0%| F|  |TAMS 0x00000000ead00000, 0x00000000ead00000| Untracked 
| 174|0x00000000eae00000, 0x00000000eae00000, 0x00000000eaf00000|  0%| F|  |TAMS 0x00000000eae00000, 0x00000000eae00000| Untracked 
| 175|0x00000000eaf00000, 0x00000000eaf00000, 0x00000000eb000000|  0%| F|  |TAMS 0x00000000eaf00000, 0x00000000eaf00000| Untracked 
| 176|0x00000000eb000000, 0x00000000eb000000, 0x00000000eb100000|  0%| F|  |TAMS 0x00000000eb000000, 0x00000000eb000000| Untracked 
| 177|0x00000000eb100000, 0x00000000eb100000, 0x00000000eb200000|  0%| F|  |TAMS 0x00000000eb100000, 0x00000000eb100000| Untracked 
| 178|0x00000000eb200000, 0x00000000eb200000, 0x00000000eb300000|  0%| F|  |TAMS 0x00000000eb200000, 0x00000000eb200000| Untracked 
| 179|0x00000000eb300000, 0x00000000eb300000, 0x00000000eb400000|  0%| F|  |TAMS 0x00000000eb300000, 0x00000000eb300000| Untracked 
| 180|0x00000000eb400000, 0x00000000eb400000, 0x00000000eb500000|  0%| F|  |TAMS 0x00000000eb400000, 0x00000000eb400000| Untracked 
| 181|0x00000000eb500000, 0x00000000eb500000, 0x00000000eb600000|  0%| F|  |TAMS 0x00000000eb500000, 0x00000000eb500000| Untracked 
| 182|0x00000000eb600000, 0x00000000eb600000, 0x00000000eb700000|  0%| F|  |TAMS 0x00000000eb600000, 0x00000000eb600000| Untracked 
| 183|0x00000000eb700000, 0x00000000eb700000, 0x00000000eb800000|  0%| F|  |TAMS 0x00000000eb700000, 0x00000000eb700000| Untracked 
| 184|0x00000000eb800000, 0x00000000eb800000, 0x00000000eb900000|  0%| F|  |TAMS 0x00000000eb800000, 0x00000000eb800000| Untracked 
| 185|0x00000000eb900000, 0x00000000eb900000, 0x00000000eba00000|  0%| F|  |TAMS 0x00000000eb900000, 0x00000000eb900000| Untracked 
| 186|0x00000000eba00000, 0x00000000eba00000, 0x00000000ebb00000|  0%| F|  |TAMS 0x00000000eba00000, 0x00000000eba00000| Untracked 
| 187|0x00000000ebb00000, 0x00000000ebb00000, 0x00000000ebc00000|  0%| F|  |TAMS 0x00000000ebb00000, 0x00000000ebb00000| Untracked 
| 188|0x00000000ebc00000, 0x00000000ebc00000, 0x00000000ebd00000|  0%| F|  |TAMS 0x00000000ebc00000, 0x00000000ebc00000| Untracked 
| 189|0x00000000ebd00000, 0x00000000ebd00000, 0x00000000ebe00000|  0%| F|  |TAMS 0x00000000ebd00000, 0x00000000ebd00000| Untracked 
| 190|0x00000000ebe00000, 0x00000000ebe00000, 0x00000000ebf00000|  0%| F|  |TAMS 0x00000000ebe00000, 0x00000000ebe00000| Untracked 
| 191|0x00000000ebf00000, 0x00000000ebf00000, 0x00000000ec000000|  0%| F|  |TAMS 0x00000000ebf00000, 0x00000000ebf00000| Untracked 
| 192|0x00000000ec000000, 0x00000000ec000000, 0x00000000ec100000|  0%| F|  |TAMS 0x00000000ec000000, 0x00000000ec000000| Untracked 
| 193|0x00000000ec100000, 0x00000000ec100000, 0x00000000ec200000|  0%| F|  |TAMS 0x00000000ec100000, 0x00000000ec100000| Untracked 
| 194|0x00000000ec200000, 0x00000000ec200000, 0x00000000ec300000|  0%| F|  |TAMS 0x00000000ec200000, 0x00000000ec200000| Untracked 
| 195|0x00000000ec300000, 0x00000000ec300000, 0x00000000ec400000|  0%| F|  |TAMS 0x00000000ec300000, 0x00000000ec300000| Untracked 
| 196|0x00000000ec400000, 0x00000000ec400000, 0x00000000ec500000|  0%| F|  |TAMS 0x00000000ec400000, 0x00000000ec400000| Untracked 
| 197|0x00000000ec500000, 0x00000000ec500000, 0x00000000ec600000|  0%| F|  |TAMS 0x00000000ec500000, 0x00000000ec500000| Untracked 
| 198|0x00000000ec600000, 0x00000000ec600000, 0x00000000ec700000|  0%| F|  |TAMS 0x00000000ec600000, 0x00000000ec600000| Untracked 
| 199|0x00000000ec700000, 0x00000000ec700000, 0x00000000ec800000|  0%| F|  |TAMS 0x00000000ec700000, 0x00000000ec700000| Untracked 
| 200|0x00000000ec800000, 0x00000000ec800000, 0x00000000ec900000|  0%| F|  |TAMS 0x00000000ec800000, 0x00000000ec800000| Untracked 
| 201|0x00000000ec900000, 0x00000000ec900000, 0x00000000eca00000|  0%| F|  |TAMS 0x00000000ec900000, 0x00000000ec900000| Untracked 
| 202|0x00000000eca00000, 0x00000000eca00000, 0x00000000ecb00000|  0%| F|  |TAMS 0x00000000eca00000, 0x00000000eca00000| Untracked 
| 203|0x00000000ecb00000, 0x00000000ecb00000, 0x00000000ecc00000|  0%| F|  |TAMS 0x00000000ecb00000, 0x00000000ecb00000| Untracked 
| 204|0x00000000ecc00000, 0x00000000ecc00000, 0x00000000ecd00000|  0%| F|  |TAMS 0x00000000ecc00000, 0x00000000ecc00000| Untracked 
| 205|0x00000000ecd00000, 0x00000000ecd00000, 0x00000000ece00000|  0%| F|  |TAMS 0x00000000ecd00000, 0x00000000ecd00000| Untracked 
| 206|0x00000000ece00000, 0x00000000ece00000, 0x00000000ecf00000|  0%| F|  |TAMS 0x00000000ece00000, 0x00000000ece00000| Untracked 
| 207|0x00000000ecf00000, 0x00000000ed000000, 0x00000000ed000000|100%| E|  |TAMS 0x00000000ecf00000, 0x00000000ecf00000| Complete 
| 208|0x00000000ed000000, 0x00000000ed100000, 0x00000000ed100000|100%| E|CS|TAMS 0x00000000ed000000, 0x00000000ed000000| Complete 
| 209|0x00000000ed100000, 0x00000000ed200000, 0x00000000ed200000|100%| E|CS|TAMS 0x00000000ed100000, 0x00000000ed100000| Complete 
| 210|0x00000000ed200000, 0x00000000ed300000, 0x00000000ed300000|100%| E|CS|TAMS 0x00000000ed200000, 0x00000000ed200000| Complete 
| 211|0x00000000ed300000, 0x00000000ed400000, 0x00000000ed400000|100%| E|CS|TAMS 0x00000000ed300000, 0x00000000ed300000| Complete 
| 212|0x00000000ed400000, 0x00000000ed500000, 0x00000000ed500000|100%| E|CS|TAMS 0x00000000ed400000, 0x00000000ed400000| Complete 
| 213|0x00000000ed500000, 0x00000000ed600000, 0x00000000ed600000|100%| E|CS|TAMS 0x00000000ed500000, 0x00000000ed500000| Complete 
| 214|0x00000000ed600000, 0x00000000ed700000, 0x00000000ed700000|100%| E|CS|TAMS 0x00000000ed600000, 0x00000000ed600000| Complete 
| 215|0x00000000ed700000, 0x00000000ed800000, 0x00000000ed800000|100%| E|CS|TAMS 0x00000000ed700000, 0x00000000ed700000| Complete 
| 216|0x00000000ed800000, 0x00000000ed900000, 0x00000000ed900000|100%| E|CS|TAMS 0x00000000ed800000, 0x00000000ed800000| Complete 
| 217|0x00000000ed900000, 0x00000000eda00000, 0x00000000eda00000|100%| E|CS|TAMS 0x00000000ed900000, 0x00000000ed900000| Complete 
| 218|0x00000000eda00000, 0x00000000edb00000, 0x00000000edb00000|100%| E|CS|TAMS 0x00000000eda00000, 0x00000000eda00000| Complete 
| 219|0x00000000edb00000, 0x00000000edc00000, 0x00000000edc00000|100%| E|CS|TAMS 0x00000000edb00000, 0x00000000edb00000| Complete 
| 220|0x00000000edc00000, 0x00000000edd00000, 0x00000000edd00000|100%| E|CS|TAMS 0x00000000edc00000, 0x00000000edc00000| Complete 
| 221|0x00000000edd00000, 0x00000000ede00000, 0x00000000ede00000|100%| E|CS|TAMS 0x00000000edd00000, 0x00000000edd00000| Complete 
| 222|0x00000000ede00000, 0x00000000edf00000, 0x00000000edf00000|100%| E|CS|TAMS 0x00000000ede00000, 0x00000000ede00000| Complete 
| 223|0x00000000edf00000, 0x00000000ee000000, 0x00000000ee000000|100%| E|CS|TAMS 0x00000000edf00000, 0x00000000edf00000| Complete 
| 224|0x00000000ee000000, 0x00000000ee100000, 0x00000000ee100000|100%| E|CS|TAMS 0x00000000ee000000, 0x00000000ee000000| Complete 
| 225|0x00000000ee100000, 0x00000000ee200000, 0x00000000ee200000|100%| E|CS|TAMS 0x00000000ee100000, 0x00000000ee100000| Complete 
| 226|0x00000000ee200000, 0x00000000ee300000, 0x00000000ee300000|100%| E|CS|TAMS 0x00000000ee200000, 0x00000000ee200000| Complete 
| 227|0x00000000ee300000, 0x00000000ee400000, 0x00000000ee400000|100%| E|CS|TAMS 0x00000000ee300000, 0x00000000ee300000| Complete 
| 228|0x00000000ee400000, 0x00000000ee500000, 0x00000000ee500000|100%| E|CS|TAMS 0x00000000ee400000, 0x00000000ee400000| Complete 
| 229|0x00000000ee500000, 0x00000000ee600000, 0x00000000ee600000|100%| E|CS|TAMS 0x00000000ee500000, 0x00000000ee500000| Complete 
| 230|0x00000000ee600000, 0x00000000ee700000, 0x00000000ee700000|100%| E|CS|TAMS 0x00000000ee600000, 0x00000000ee600000| Complete 
| 231|0x00000000ee700000, 0x00000000ee800000, 0x00000000ee800000|100%| E|CS|TAMS 0x00000000ee700000, 0x00000000ee700000| Complete 
| 232|0x00000000ee800000, 0x00000000ee900000, 0x00000000ee900000|100%| E|CS|TAMS 0x00000000ee800000, 0x00000000ee800000| Complete 
| 233|0x00000000ee900000, 0x00000000eea00000, 0x00000000eea00000|100%| E|CS|TAMS 0x00000000ee900000, 0x00000000ee900000| Complete 
| 234|0x00000000eea00000, 0x00000000eeb00000, 0x00000000eeb00000|100%| E|CS|TAMS 0x00000000eea00000, 0x00000000eea00000| Complete 
| 235|0x00000000eeb00000, 0x00000000eec00000, 0x00000000eec00000|100%| E|CS|TAMS 0x00000000eeb00000, 0x00000000eeb00000| Complete 
| 236|0x00000000eec00000, 0x00000000eed00000, 0x00000000eed00000|100%| E|CS|TAMS 0x00000000eec00000, 0x00000000eec00000| Complete 
| 237|0x00000000eed00000, 0x00000000eee00000, 0x00000000eee00000|100%| E|CS|TAMS 0x00000000eed00000, 0x00000000eed00000| Complete 
| 238|0x00000000eee00000, 0x00000000eef00000, 0x00000000eef00000|100%| E|CS|TAMS 0x00000000eee00000, 0x00000000eee00000| Complete 
| 239|0x00000000eef00000, 0x00000000ef000000, 0x00000000ef000000|100%| E|CS|TAMS 0x00000000eef00000, 0x00000000eef00000| Complete 
| 240|0x00000000ef000000, 0x00000000ef100000, 0x00000000ef100000|100%| E|CS|TAMS 0x00000000ef000000, 0x00000000ef000000| Complete 
| 241|0x00000000ef100000, 0x00000000ef200000, 0x00000000ef200000|100%| E|CS|TAMS 0x00000000ef100000, 0x00000000ef100000| Complete 
| 242|0x00000000ef200000, 0x00000000ef300000, 0x00000000ef300000|100%| E|CS|TAMS 0x00000000ef200000, 0x00000000ef200000| Complete 
| 243|0x00000000ef300000, 0x00000000ef400000, 0x00000000ef400000|100%| E|CS|TAMS 0x00000000ef300000, 0x00000000ef300000| Complete 
| 244|0x00000000ef400000, 0x00000000ef500000, 0x00000000ef500000|100%| E|CS|TAMS 0x00000000ef400000, 0x00000000ef400000| Complete 
| 245|0x00000000ef500000, 0x00000000ef600000, 0x00000000ef600000|100%| E|CS|TAMS 0x00000000ef500000, 0x00000000ef500000| Complete 
| 246|0x00000000ef600000, 0x00000000ef700000, 0x00000000ef700000|100%| E|CS|TAMS 0x00000000ef600000, 0x00000000ef600000| Complete 
| 247|0x00000000ef700000, 0x00000000ef800000, 0x00000000ef800000|100%| E|CS|TAMS 0x00000000ef700000, 0x00000000ef700000| Complete 
| 248|0x00000000ef800000, 0x00000000ef900000, 0x00000000ef900000|100%| E|CS|TAMS 0x00000000ef800000, 0x00000000ef800000| Complete 
| 249|0x00000000ef900000, 0x00000000efa00000, 0x00000000efa00000|100%| E|CS|TAMS 0x00000000ef900000, 0x00000000ef900000| Complete 
| 250|0x00000000efa00000, 0x00000000efb00000, 0x00000000efb00000|100%| E|CS|TAMS 0x00000000efa00000, 0x00000000efa00000| Complete 
| 251|0x00000000efb00000, 0x00000000efc00000, 0x00000000efc00000|100%| E|CS|TAMS 0x00000000efb00000, 0x00000000efb00000| Complete 
| 252|0x00000000efc00000, 0x00000000efd00000, 0x00000000efd00000|100%| E|CS|TAMS 0x00000000efc00000, 0x00000000efc00000| Complete 
| 253|0x00000000efd00000, 0x00000000efe00000, 0x00000000efe00000|100%| E|CS|TAMS 0x00000000efd00000, 0x00000000efd00000| Complete 
| 254|0x00000000efe00000, 0x00000000eff00000, 0x00000000eff00000|100%| E|CS|TAMS 0x00000000efe00000, 0x00000000efe00000| Complete 
| 255|0x00000000eff00000, 0x00000000f0000000, 0x00000000f0000000|100%| E|CS|TAMS 0x00000000eff00000, 0x00000000eff00000| Complete 

Card table byte_map: [0x00000256a67f0000,0x00000256a68f0000] _byte_map_base: 0x00000256a60f0000

Marking Bits (Prev, Next): (CMBitMap*) 0x000002568f9058d0, (CMBitMap*) 0x000002568f905890
 Prev Bits: [0x00000256a71f0000, 0x00000256a79f0000)
 Next Bits: [0x00000256a69f0000, 0x00000256a71f0000)

Polling page: 0x000002568d800000

Metaspace:

Usage:
  Non-class:     22.61 MB used.
      Class:      3.98 MB used.
       Both:     26.59 MB used.

Virtual space:
  Non-class space:       64.00 MB reserved,      22.81 MB ( 36%) committed,  1 nodes.
      Class space:      320.00 MB reserved,       4.12 MB (  1%) committed,  1 nodes.
             Both:      384.00 MB reserved,      26.94 MB (  7%) committed. 

Chunk freelists:
   Non-Class:  9.02 MB
       Class:  11.89 MB
        Both:  20.91 MB

MaxMetaspaceSize: 384.00 MB
CompressedClassSpaceSize: 320.00 MB
Initial GC threshold: 21.00 MB
Current GC threshold: 35.12 MB
CDS: on
MetaspaceReclaimPolicy: balanced
 - commit_granule_bytes: 65536.
 - commit_granule_words: 8192.
 - virtual_space_node_default_size: 8388608.
 - enlarge_chunks_in_place: 1.
 - new_chunks_are_fully_committed: 0.
 - uncommit_free_chunks: 1.
 - use_allocation_guard: 0.
 - handle_deallocations: 1.


Internal statistics:

num_allocs_failed_limit: 3.
num_arena_births: 354.
num_arena_deaths: 0.
num_vsnodes_births: 2.
num_vsnodes_deaths: 0.
num_space_committed: 431.
num_space_uncommitted: 0.
num_chunks_returned_to_freelist: 3.
num_chunks_taken_from_freelist: 1425.
num_chunk_merges: 3.
num_chunk_splits: 925.
num_chunks_enlarged: 643.
num_inconsistent_stats: 0.

CodeHeap 'non-profiled nmethods': size=120000Kb used=1864Kb max_used=1864Kb free=118135Kb
 bounds [0x000002569ec60000, 0x000002569eed0000, 0x00000256a6190000]
CodeHeap 'profiled nmethods': size=120000Kb used=6773Kb max_used=6773Kb free=113226Kb
 bounds [0x0000025697190000, 0x0000025697830000, 0x000002569e6c0000]
CodeHeap 'non-nmethods': size=5760Kb used=1265Kb max_used=1308Kb free=4494Kb
 bounds [0x000002569e6c0000, 0x000002569e930000, 0x000002569ec60000]
 total_blobs=3794 nmethods=3231 adapters=475
 compilation: enabled
              stopped_count=0, restarted_count=0
 full_count=0

Compilation events (20 events):
Event: 2.607 Thread 0x00000256aa64ab10 nmethod 3192 0x000002569781f510 code [0x000002569781f6a0, 0x000002569781f818]
Event: 2.607 Thread 0x00000256aa64ab10 3193       3       java.util.zip.ZipUtils::CH (8 bytes)
Event: 2.607 Thread 0x00000256aa64ab10 nmethod 3193 0x000002569781f910 code [0x000002569781faa0, 0x000002569781fbb8]
Event: 2.607 Thread 0x00000256aa64ab10 3186       3       java.util.jar.JavaUtilJarAccessImpl::entryFor (6 bytes)
Event: 2.607 Thread 0x00000256aa64ab10 nmethod 3186 0x000002569781fc90 code [0x000002569781fe60, 0x0000025697820288]
Event: 2.607 Thread 0x00000256aa64ab10 3187       3       java.util.jar.JarFile::entryFor (10 bytes)
Event: 2.607 Thread 0x00000256aa64ab10 nmethod 3187 0x0000025697820410 code [0x00000256978205c0, 0x0000025697820908]
Event: 2.607 Thread 0x00000256aa64ab10 3188       3       java.util.jar.JarFile$JarFileEntry::<init> (16 bytes)
Event: 2.607 Thread 0x00000256aa64ab10 nmethod 3188 0x0000025697820a90 code [0x0000025697820c40, 0x0000025697820ea8]
Event: 2.607 Thread 0x00000256aa64ab10 3189       3       java.util.jar.JarEntry::<init> (6 bytes)
Event: 2.607 Thread 0x00000256aa64ab10 nmethod 3189 0x0000025697820f90 code [0x0000025697821120, 0x0000025697821268]
Event: 2.607 Thread 0x00000256aa64ab10 3196       3       java.util.zip.ZipUtils::CENATX_PERMS (9 bytes)
Event: 2.607 Thread 0x00000256aa64ab10 nmethod 3196 0x0000025697821310 code [0x00000256978214a0, 0x0000025697821658]
Event: 2.607 Thread 0x00000256aa64ab10 3197       3       java.util.zip.ZipFile$Source::getEntryPos (9 bytes)
Event: 2.607 Thread 0x00000256aa64ab10 nmethod 3197 0x0000025697821790 code [0x0000025697821920, 0x0000025697821a58]
Event: 2.608 Thread 0x00000256aaa25a60 3198   !   4       jdk.internal.loader.URLClassPath$JarLoader::getResource (354 bytes)
Event: 2.616 Thread 0x00000256c78dbcb0 3199       4       java.lang.String::startsWith (7 bytes)
Event: 2.616 Thread 0x00000256aa64ab10 3200       3       com.google.common.collect.RegularImmutableList::size (6 bytes)
Event: 2.616 Thread 0x00000256aa64ab10 nmethod 3200 0x0000025697821b10 code [0x0000025697821ca0, 0x0000025697821db8]
Event: 2.617 Thread 0x00000256aa64ab10 3201       3       java.lang.Enum::compareTo (44 bytes)

GC Heap History (8 events):
Event: 0.309 GC heap before
{Heap before GC invocations=0 (full 0):
 garbage-first heap   total 262144K, used 22528K [0x00000000e0000000, 0x0000000100000000)
  region size 1024K, 23 young (23552K), 0 survivors (0K)
 Metaspace       used 1074K, committed 1216K, reserved 393216K
  class space    used 73K, committed 128K, reserved 327680K
}
Event: 0.311 GC heap after
{Heap after GC invocations=1 (full 0):
 garbage-first heap   total 262144K, used 4686K [0x00000000e0000000, 0x0000000100000000)
  region size 1024K, 3 young (3072K), 3 survivors (3072K)
 Metaspace       used 1074K, committed 1216K, reserved 393216K
  class space    used 73K, committed 128K, reserved 327680K
}
Event: 0.701 GC heap before
{Heap before GC invocations=1 (full 0):
 garbage-first heap   total 262144K, used 41550K [0x00000000e0000000, 0x0000000100000000)
  region size 1024K, 35 young (35840K), 3 survivors (3072K)
 Metaspace       used 4340K, committed 4544K, reserved 393216K
  class space    used 541K, committed 640K, reserved 327680K
}
Event: 0.703 GC heap after
{Heap after GC invocations=2 (full 0):
 garbage-first heap   total 262144K, used 11867K [0x00000000e0000000, 0x0000000100000000)
  region size 1024K, 4 young (4096K), 4 survivors (4096K)
 Metaspace       used 4340K, committed 4544K, reserved 393216K
  class space    used 541K, committed 640K, reserved 327680K
}
Event: 1.033 GC heap before
{Heap before GC invocations=2 (full 0):
 garbage-first heap   total 262144K, used 62043K [0x00000000e0000000, 0x0000000100000000)
  region size 1024K, 51 young (52224K), 4 survivors (4096K)
 Metaspace       used 5663K, committed 5888K, reserved 393216K
  class space    used 749K, committed 832K, reserved 327680K
}
Event: 1.036 GC heap after
{Heap after GC invocations=3 (full 0):
 garbage-first heap   total 262144K, used 17864K [0x00000000e0000000, 0x0000000100000000)
  region size 1024K, 7 young (7168K), 7 survivors (7168K)
 Metaspace       used 5663K, committed 5888K, reserved 393216K
  class space    used 749K, committed 832K, reserved 327680K
}
Event: 2.206 GC heap before
{Heap before GC invocations=3 (full 0):
 garbage-first heap   total 262144K, used 118216K [0x00000000e0000000, 0x0000000100000000)
  region size 1024K, 106 young (108544K), 7 survivors (7168K)
 Metaspace       used 21158K, committed 21504K, reserved 393216K
  class space    used 3097K, committed 3264K, reserved 327680K
}
Event: 2.212 GC heap after
{Heap after GC invocations=4 (full 0):
 garbage-first heap   total 262144K, used 24843K [0x00000000e0000000, 0x0000000100000000)
  region size 1024K, 14 young (14336K), 14 survivors (14336K)
 Metaspace       used 21158K, committed 21504K, reserved 393216K
  class space    used 3097K, committed 3264K, reserved 327680K
}

Deoptimization events (20 events):
Event: 2.289 Thread 0x00000256c49a3d30 Uncommon trap: trap_request=0xffffffcc fr.pc=0x000002569eddc6e8 relative=0x0000000000000348
Event: 2.289 Thread 0x00000256c49a3d30 Uncommon trap: reason=intrinsic_or_type_checked_inlining action=make_not_entrant pc=0x000002569eddc6e8 method=java.util.Arrays.copyOf([Ljava/lang/Object;ILjava/lang/Class;)[Ljava/lang/Object; @ 35 c2
Event: 2.289 Thread 0x00000256c49a3d30 DEOPT PACKING pc=0x000002569eddc6e8 sp=0x000000fa6a8fb320
Event: 2.289 Thread 0x00000256c49a3d30 DEOPT UNPACKING pc=0x000002569e715ba3 sp=0x000000fa6a8fb2b0 mode 2
Event: 2.457 Thread 0x00000256c49a3d30 Uncommon trap: trap_request=0xffffff45 fr.pc=0x000002569ecac4e8 relative=0x00000000000005a8
Event: 2.457 Thread 0x00000256c49a3d30 Uncommon trap: reason=unstable_if action=reinterpret pc=0x000002569ecac4e8 method=java.util.HashMap.hash(Ljava/lang/Object;)I @ 1 c2
Event: 2.457 Thread 0x00000256c49a3d30 DEOPT PACKING pc=0x000002569ecac4e8 sp=0x000000fa6a8f8230
Event: 2.457 Thread 0x00000256c49a3d30 DEOPT UNPACKING pc=0x000002569e715ba3 sp=0x000000fa6a8f80d8 mode 2
Event: 2.564 Thread 0x00000256c49a3d30 Uncommon trap: trap_request=0xffffffde fr.pc=0x000002569ee19420 relative=0x0000000000000160
Event: 2.564 Thread 0x00000256c49a3d30 Uncommon trap: reason=class_check action=maybe_recompile pc=0x000002569ee19420 method=java.util.regex.Pattern$BmpCharProperty.match(Ljava/util/regex/Matcher;ILjava/lang/CharSequence;)Z @ 19 c2
Event: 2.564 Thread 0x00000256c49a3d30 DEOPT PACKING pc=0x000002569ee19420 sp=0x000000fa6a8f8cd0
Event: 2.564 Thread 0x00000256c49a3d30 DEOPT UNPACKING pc=0x000002569e715ba3 sp=0x000000fa6a8f8c68 mode 2
Event: 2.564 Thread 0x00000256c49a3d30 Uncommon trap: trap_request=0xffffffde fr.pc=0x000002569ee19420 relative=0x0000000000000160
Event: 2.564 Thread 0x00000256c49a3d30 Uncommon trap: reason=class_check action=maybe_recompile pc=0x000002569ee19420 method=java.util.regex.Pattern$BmpCharProperty.match(Ljava/util/regex/Matcher;ILjava/lang/CharSequence;)Z @ 19 c2
Event: 2.564 Thread 0x00000256c49a3d30 DEOPT PACKING pc=0x000002569ee19420 sp=0x000000fa6a8f8cd0
Event: 2.564 Thread 0x00000256c49a3d30 DEOPT UNPACKING pc=0x000002569e715ba3 sp=0x000000fa6a8f8c68 mode 2
Event: 2.605 Thread 0x00000256c49a3d30 Uncommon trap: trap_request=0xffffff54 fr.pc=0x000002569ed2a9a8 relative=0x0000000000001268
Event: 2.605 Thread 0x00000256c49a3d30 Uncommon trap: reason=speculate_null_assert action=make_not_entrant pc=0x000002569ed2a9a8 method=jdk.internal.loader.URLClassPath$JarLoader.getResource(Ljava/lang/String;ZLjava/util/Set;)Ljdk/internal/loader/Resource; @ 17 c2
Event: 2.605 Thread 0x00000256c49a3d30 DEOPT PACKING pc=0x000002569ed2a9a8 sp=0x000000fa6a8f6950
Event: 2.605 Thread 0x00000256c49a3d30 DEOPT UNPACKING pc=0x000002569e715ba3 sp=0x000000fa6a8f68e8 mode 2

Classes unloaded (0 events):
No events

Classes redefined (0 events):
No events

Internal exceptions (20 events):
Event: 2.138 Thread 0x00000256c49a3d30 Exception <a 'java/lang/NoSuchMethodError'{0x00000000e9ea7a30}: 'java.lang.Object java.lang.invoke.DirectMethodHandle$Holder.invokeStatic(java.lang.Object, java.lang.Object, java.lang.Object, java.lang.Object, java.lang.Object, java.lang.Object, java.lang.Object, java.lang.Object, java.lang.Object, java.lang.Object, java.lang.Object, java.lang.Object, java.lang.Object, java.lang.Object, java.lang.Object, java.lang.Object, java.lang.Object, java.lang.Object, java.lang.Object, java.lang.Object, java.lang.Obj
Event: 2.139 Thread 0x00000256c49a3d30 Exception <a 'java/lang/NoSuchMethodError'{0x00000000e9ed9ec0}: 'java.lang.Object java.lang.invoke.DirectMethodHandle$Holder.invokeStatic(java.lang.Object, java.lang.Object, java.lang.Object, java.lang.Object, java.lang.Object, java.lang.Object, java.lang.Object, java.lang.Object, java.lang.Object, java.lang.Object, java.lang.Object, java.lang.Object, java.lang.Object, java.lang.Object, java.lang.Object, java.lang.Object, java.lang.Object, java.lang.Object, java.lang.Object, java.lang.Object, java.lang.Obj
Event: 2.152 Thread 0x00000256c49a3d30 Exception <a 'java/lang/NoSuchMethodError'{0x00000000e9b06828}: 'java.lang.Object java.lang.invoke.DirectMethodHandle$Holder.invokeStaticInit(java.lang.Object, java.lang.Object, java.lang.Object, java.lang.Object)'> (0x00000000e9b06828) 
thrown [s\open\src\hotspot\share\interpreter\linkResolver.cpp, line 759]
Event: 2.165 Thread 0x00000256c49a3d30 Exception <a 'java/lang/NoSuchMethodError'{0x00000000e9ab9010}: 'java.lang.Object java.lang.invoke.DirectMethodHandle$Holder.newInvokeSpecial(java.lang.Object, java.lang.Object, java.lang.Object, java.lang.Object, java.lang.Object, java.lang.Object, java.lang.Object, java.lang.Object)'> (0x00000000e9ab9010) 
thrown [s\open\src\hotspot\share\interpreter\linkResolver.cpp, line 759]
Event: 2.165 Thread 0x00000256c49a3d30 Exception <a 'java/lang/NoSuchMethodError'{0x00000000e9abea18}: 'java.lang.Object java.lang.invoke.DirectMethodHandle$Holder.invokeSpecial(java.lang.Object, java.lang.Object, java.lang.Object, java.lang.Object, java.lang.Object, java.lang.Object, java.lang.Object, java.lang.Object, java.lang.Object)'> (0x00000000e9abea18) 
thrown [s\open\src\hotspot\share\interpreter\linkResolver.cpp, line 759]
Event: 2.165 Thread 0x00000256c49a3d30 Exception <a 'java/lang/NoSuchMethodError'{0x00000000e9ac3dc8}: 'java.lang.Object java.lang.invoke.Invokers$Holder.linkToTargetMethod(java.lang.Object, java.lang.Object, java.lang.Object, java.lang.Object, java.lang.Object, java.lang.Object, java.lang.Object, java.lang.Object)'> (0x00000000e9ac3dc8) 
thrown [s\open\src\hotspot\share\interpreter\linkResolver.cpp, line 759]
Event: 2.169 Thread 0x00000256c49a3d30 Exception <a 'java/lang/NoSuchMethodError'{0x00000000e9910ce8}: 'void java.lang.invoke.DirectMethodHandle$Holder.invokeStatic(java.lang.Object, java.lang.Object, java.lang.Object, java.lang.Object)'> (0x00000000e9910ce8) 
thrown [s\open\src\hotspot\share\interpreter\linkResolver.cpp, line 759]
Event: 2.255 Thread 0x00000256c49a3d30 Exception <a 'java/lang/NoSuchMethodError'{0x00000000efb2f7b0}: 'int java.lang.invoke.DirectMethodHandle$Holder.invokeVirtual(java.lang.Object, java.lang.Object)'> (0x00000000efb2f7b0) 
thrown [s\open\src\hotspot\share\interpreter\linkResolver.cpp, line 759]
Event: 2.285 Thread 0x00000256c49a3d30 Exception <a 'java/lang/NoSuchMethodError'{0x00000000ef8c79d0}: 'void java.lang.invoke.DirectMethodHandle$Holder.invokeStatic(java.lang.Object, java.lang.Object, java.lang.Object, java.lang.Object, java.lang.Object, java.lang.Object, java.lang.Object)'> (0x00000000ef8c79d0) 
thrown [s\open\src\hotspot\share\interpreter\linkResolver.cpp, line 759]
Event: 2.353 Thread 0x00000256c49a3d30 Exception <a 'java/lang/NoSuchMethodError'{0x00000000ef035798}: 'java.lang.Object java.lang.invoke.DirectMethodHandle$Holder.newInvokeSpecial(java.lang.Object, java.lang.Object, int, int)'> (0x00000000ef035798) 
thrown [s\open\src\hotspot\share\interpreter\linkResolver.cpp, line 759]
Event: 2.412 Thread 0x00000256c49a3d30 Exception <a 'java/lang/NoSuchMethodError'{0x00000000eeae4d48}: 'java.lang.Object java.lang.invoke.DirectMethodHandle$Holder.invokeSpecialIFC(java.lang.Object, java.lang.Object, java.lang.Object, java.lang.Object)'> (0x00000000eeae4d48) 
thrown [s\open\src\hotspot\share\interpreter\linkResolver.cpp, line 759]
Event: 2.416 Thread 0x00000256c49a3d30 Exception <a 'java/lang/NoSuchMethodError'{0x00000000ee934d98}: 'java.lang.Object java.lang.invoke.DirectMethodHandle$Holder.newInvokeSpecial(java.lang.Object, java.lang.Object, java.lang.Object, java.lang.Object, java.lang.Object, java.lang.Object, java.lang.Object, java.lang.Object, java.lang.Object, java.lang.Object)'> (0x00000000ee934d98) 
thrown [s\open\src\hotspot\share\interpreter\linkResolver.cpp, line 759]
Event: 2.416 Thread 0x00000256c49a3d30 Exception <a 'java/lang/NoSuchMethodError'{0x00000000ee939c80}: 'java.lang.Object java.lang.invoke.Invokers$Holder.linkToTargetMethod(java.lang.Object, java.lang.Object, java.lang.Object, java.lang.Object, java.lang.Object, java.lang.Object, java.lang.Object, java.lang.Object, java.lang.Object, java.lang.Object)'> (0x00000000ee939c80) 
thrown [s\open\src\hotspot\share\interpreter\linkResolver.cpp, line 759]
Event: 2.457 Thread 0x00000256c49a3d30 Implicit null exception at 0x000002569ecabf8a to 0x000002569ecac4c8
Event: 2.524 Thread 0x00000256c49a3d30 Exception <a 'java/lang/NoSuchMethodError'{0x00000000edee6c38}: 'void java.lang.invoke.DirectMethodHandle$Holder.invokeStaticInit(java.lang.Object, java.lang.Object, java.lang.Object, java.lang.Object)'> (0x00000000edee6c38) 
thrown [s\open\src\hotspot\share\interpreter\linkResolver.cpp, line 759]
Event: 2.538 Thread 0x00000256c49a3d30 Exception <a 'java/lang/NoSuchMethodError'{0x00000000edcd77a0}: 'java.lang.Object java.lang.invoke.DirectMethodHandle$Holder.invokeStaticInit(java.lang.Object, java.lang.Object, java.lang.Object)'> (0x00000000edcd77a0) 
thrown [s\open\src\hotspot\share\interpreter\linkResolver.cpp, line 759]
Event: 2.549 Thread 0x00000256c49a3d30 Exception <a 'java/lang/NoSuchMethodError'{0x00000000eda1f9f0}: 'java.lang.Object java.lang.invoke.DirectMethodHandle$Holder.newInvokeSpecial(java.lang.Object, java.lang.Object, java.lang.Object, java.lang.Object, java.lang.Object, java.lang.Object, java.lang.Object, java.lang.Object, java.lang.Object, java.lang.Object, java.lang.Object)'> (0x00000000eda1f9f0) 
thrown [s\open\src\hotspot\share\interpreter\linkResolver.cpp, line 759]
Event: 2.549 Thread 0x00000256c49a3d30 Exception <a 'java/lang/NoSuchMethodError'{0x00000000eda25528}: 'java.lang.Object java.lang.invoke.DirectMethodHandle$Holder.invokeSpecial(java.lang.Object, java.lang.Object, java.lang.Object, java.lang.Object, java.lang.Object, java.lang.Object, java.lang.Object, java.lang.Object, java.lang.Object, java.lang.Object, java.lang.Object, java.lang.Object)'> (0x00000000eda25528) 
thrown [s\open\src\hotspot\share\interpreter\linkResolver.cpp, line 759]
Event: 2.549 Thread 0x00000256c49a3d30 Exception <a 'java/lang/NoSuchMethodError'{0x00000000eda2abc0}: 'java.lang.Object java.lang.invoke.Invokers$Holder.linkToTargetMethod(java.lang.Object, java.lang.Object, java.lang.Object, java.lang.Object, java.lang.Object, java.lang.Object, java.lang.Object, java.lang.Object, java.lang.Object, java.lang.Object, java.lang.Object)'> (0x00000000eda2abc0) 
thrown [s\open\src\hotspot\share\interpreter\linkResolver.cpp, line 759]
Event: 2.612 Thread 0x00000256c49a3d30 Exception <a 'java/lang/IncompatibleClassChangeError'{0x00000000ed33e478}: Found class java.lang.Object, but interface was expected> (0x00000000ed33e478) 
thrown [s\open\src\hotspot\share\interpreter\linkResolver.cpp, line 826]

VM Operations (20 events):
Event: 1.796 Executing VM operation: HandshakeAllThreads
Event: 1.796 Executing VM operation: HandshakeAllThreads done
Event: 2.126 Executing VM operation: HandshakeAllThreads
Event: 2.126 Executing VM operation: HandshakeAllThreads done
Event: 2.127 Executing VM operation: ICBufferFull
Event: 2.127 Executing VM operation: ICBufferFull done
Event: 2.206 Executing VM operation: CollectForMetadataAllocation
Event: 2.212 Executing VM operation: CollectForMetadataAllocation done
Event: 2.215 Executing VM operation: G1Concurrent
Event: 2.217 Executing VM operation: G1Concurrent done
Event: 2.218 Executing VM operation: G1Concurrent
Event: 2.218 Executing VM operation: G1Concurrent done
Event: 2.272 Executing VM operation: HandshakeAllThreads
Event: 2.272 Executing VM operation: HandshakeAllThreads done
Event: 2.458 Executing VM operation: HandshakeAllThreads
Event: 2.458 Executing VM operation: HandshakeAllThreads done
Event: 2.531 Executing VM operation: HandshakeAllThreads
Event: 2.531 Executing VM operation: HandshakeAllThreads done
Event: 2.613 Executing VM operation: HandshakeAllThreads
Event: 2.613 Executing VM operation: HandshakeAllThreads done

Events (20 events):
Event: 2.455 loading class java/lang/reflect/AnnotatedType
Event: 2.456 loading class java/lang/reflect/AnnotatedType done
Event: 2.457 loading class sun/reflect/misc/ReflectUtil
Event: 2.457 loading class sun/reflect/misc/ReflectUtil done
Event: 2.460 loading class sun/reflect/generics/tree/IntSignature
Event: 2.460 loading class sun/reflect/generics/tree/IntSignature done
Event: 2.460 loading class sun/reflect/generics/tree/ArrayTypeSignature
Event: 2.460 loading class sun/reflect/generics/tree/ArrayTypeSignature done
Event: 2.463 loading class java/lang/SafeVarargs
Event: 2.463 loading class java/lang/SafeVarargs done
Event: 2.500 Thread 0x00000256c5ffc310 Thread added: 0x00000256c5ffc310
Event: 2.552 Thread 0x00000256c5ff8650 Thread added: 0x00000256c5ff8650
Event: 2.601 loading class java/util/regex/Pattern$Pos
Event: 2.601 loading class java/util/regex/Pattern$Pos done
Event: 2.602 loading class java/io/StringReader
Event: 2.602 loading class java/io/StringReader done
Event: 2.605 loading class java/util/zip/ZipFile$ZipEntryIterator
Event: 2.605 loading class java/util/zip/ZipFile$ZipEntryIterator done
Event: 2.607 loading class java/math/MutableBigInteger
Event: 2.607 loading class java/math/MutableBigInteger done


Dynamic libraries:
0x00007ff600d00000 - 0x00007ff600d10000 	C:\Program Files\Java\jdk-17\bin\java.exe
0x00007fffecd70000 - 0x00007fffecf87000 	C:\WINDOWS\SYSTEM32\ntdll.dll
0x00007fffec030000 - 0x00007fffec0f4000 	C:\WINDOWS\System32\KERNEL32.DLL
0x00007fffea080000 - 0x00007fffea437000 	C:\WINDOWS\System32\KERNELBASE.dll
0x00007fffea6b0000 - 0x00007fffea7c1000 	C:\WINDOWS\System32\ucrtbase.dll
0x00007fffde370000 - 0x00007fffde389000 	C:\Program Files\Java\jdk-17\bin\jli.dll
0x00007fffeab50000 - 0x00007fffeac02000 	C:\WINDOWS\System32\ADVAPI32.dll
0x00007fffeb000000 - 0x00007fffeb0a7000 	C:\WINDOWS\System32\msvcrt.dll
0x00007fffeaaa0000 - 0x00007fffeab48000 	C:\WINDOWS\System32\sechost.dll
0x00007fffea680000 - 0x00007fffea6a8000 	C:\WINDOWS\System32\bcrypt.dll
0x00007fffeb450000 - 0x00007fffeb564000 	C:\WINDOWS\System32\RPCRT4.dll
0x00007fffcab90000 - 0x00007fffcabab000 	C:\Program Files\Java\jdk-17\bin\VCRUNTIME140.dll
0x00007fffead40000 - 0x00007fffeaeef000 	C:\WINDOWS\System32\USER32.dll
0x00007fffea440000 - 0x00007fffea466000 	C:\WINDOWS\System32\win32u.dll
0x00007fffeb300000 - 0x00007fffeb329000 	C:\WINDOWS\System32\GDI32.dll
0x00007fffea4e0000 - 0x00007fffea5f8000 	C:\WINDOWS\System32\gdi32full.dll
0x00007fffea940000 - 0x00007fffea9da000 	C:\WINDOWS\System32\msvcp_win.dll
0x00007fffe3e10000 - 0x00007fffe3e1a000 	C:\WINDOWS\SYSTEM32\VERSION.dll
0x00007fffd59c0000 - 0x00007fffd5c53000 	C:\WINDOWS\WinSxS\amd64_microsoft.windows.common-controls_6595b64144ccf1df_6.0.22621.3672_none_2713b9d173822955\COMCTL32.dll
0x00007fffeb410000 - 0x00007fffeb441000 	C:\WINDOWS\System32\IMM32.DLL
0x00007fffde360000 - 0x00007fffde36c000 	C:\Program Files\Java\jdk-17\bin\vcruntime140_1.dll
0x00007fffbe710000 - 0x00007fffbe79e000 	C:\Program Files\Java\jdk-17\bin\msvcp140.dll
0x00007fff23020000 - 0x00007fff23c00000 	C:\Program Files\Java\jdk-17\bin\server\jvm.dll
0x00007fffeb2f0000 - 0x00007fffeb2f8000 	C:\WINDOWS\System32\PSAPI.DLL
0x00007fffdc390000 - 0x00007fffdc399000 	C:\WINDOWS\SYSTEM32\WSOCK32.dll
0x00007fffdf820000 - 0x00007fffdf854000 	C:\WINDOWS\SYSTEM32\WINMM.dll
0x00007fffeacc0000 - 0x00007fffead31000 	C:\WINDOWS\System32\WS2_32.dll
0x00007fffe9180000 - 0x00007fffe9198000 	C:\WINDOWS\SYSTEM32\kernel.appcore.dll
0x00007fffbe700000 - 0x00007fffbe70a000 	C:\Program Files\Java\jdk-17\bin\jimage.dll
0x00007fffdecb0000 - 0x00007fffdeee2000 	C:\WINDOWS\SYSTEM32\DBGHELP.DLL
0x00007fffec990000 - 0x00007fffecd1e000 	C:\WINDOWS\System32\combase.dll
0x00007fffeb210000 - 0x00007fffeb2e7000 	C:\WINDOWS\System32\OLEAUT32.dll
0x00007fffcd370000 - 0x00007fffcd3a2000 	C:\WINDOWS\SYSTEM32\dbgcore.DLL
0x00007fffea600000 - 0x00007fffea67b000 	C:\WINDOWS\System32\bcryptPrimitives.dll
0x00007fffbe6f0000 - 0x00007fffbe6fe000 	C:\Program Files\Java\jdk-17\bin\instrument.dll
0x00007fffbe6c0000 - 0x00007fffbe6e5000 	C:\Program Files\Java\jdk-17\bin\java.dll
0x00007fffbe5e0000 - 0x00007fffbe6b7000 	C:\Program Files\Java\jdk-17\bin\jsvml.dll
0x00007fffeb740000 - 0x00007fffebfa9000 	C:\WINDOWS\System32\SHELL32.dll
0x00007fffe7fb0000 - 0x00007fffe88af000 	C:\WINDOWS\SYSTEM32\windows.storage.dll
0x00007fffe7e70000 - 0x00007fffe7faf000 	C:\WINDOWS\SYSTEM32\wintypes.dll
0x00007fffeaef0000 - 0x00007fffeafe9000 	C:\WINDOWS\System32\SHCORE.dll
0x00007fffebfd0000 - 0x00007fffec02e000 	C:\WINDOWS\System32\shlwapi.dll
0x00007fffe9fb0000 - 0x00007fffe9fd7000 	C:\WINDOWS\SYSTEM32\profapi.dll
0x00007fffbe5c0000 - 0x00007fffbe5d8000 	C:\Program Files\Java\jdk-17\bin\zip.dll
0x00007fffbe5a0000 - 0x00007fffbe5b9000 	C:\Program Files\Java\jdk-17\bin\net.dll
0x00007fffe6d40000 - 0x00007fffe6e76000 	C:\WINDOWS\SYSTEM32\WINHTTP.dll
0x00007fffe95e0000 - 0x00007fffe9649000 	C:\WINDOWS\system32\mswsock.dll
0x00007fffbe580000 - 0x00007fffbe596000 	C:\Program Files\Java\jdk-17\bin\nio.dll
0x00007fffbe570000 - 0x00007fffbe580000 	C:\Program Files\Java\jdk-17\bin\verify.dll
0x00007fffde3d0000 - 0x00007fffde3f7000 	C:\Users\rickn\.gradle\native\c067742578af261105cb4f569cf0c3c89f3d7b1fecec35dd04571415982c5e48\windows-amd64\native-platform.dll
0x00007fffbe420000 - 0x00007fffbe564000 	C:\Users\rickn\.gradle\native\100fb08df4bc3b14c8652ba06237920a3bd2aa13389f12d3474272988ae205f9\windows-amd64\native-platform-file-events.dll
0x00007fffbe410000 - 0x00007fffbe41a000 	C:\Program Files\Java\jdk-17\bin\management.dll
0x00007fffbe400000 - 0x00007fffbe40b000 	C:\Program Files\Java\jdk-17\bin\management_ext.dll
0x00007fffe9930000 - 0x00007fffe994b000 	C:\WINDOWS\SYSTEM32\CRYPTSP.dll
0x00007fffe90e0000 - 0x00007fffe9115000 	C:\WINDOWS\system32\rsaenh.dll
0x00007fffe9680000 - 0x00007fffe96a8000 	C:\WINDOWS\SYSTEM32\USERENV.dll
0x00007fffe9910000 - 0x00007fffe991c000 	C:\WINDOWS\SYSTEM32\CRYPTBASE.dll
0x00007fffe8b80000 - 0x00007fffe8bad000 	C:\WINDOWS\SYSTEM32\IPHLPAPI.DLL
0x00007fffeb730000 - 0x00007fffeb739000 	C:\WINDOWS\System32\NSI.dll
0x00007fffe6d20000 - 0x00007fffe6d39000 	C:\WINDOWS\SYSTEM32\dhcpcsvc6.DLL
0x00007fffe6d00000 - 0x00007fffe6d1f000 	C:\WINDOWS\SYSTEM32\dhcpcsvc.DLL
0x00007fffe8bf0000 - 0x00007fffe8cf2000 	C:\WINDOWS\SYSTEM32\DNSAPI.dll
0x00007fffbe3f0000 - 0x00007fffbe3fe000 	C:\Program Files\Java\jdk-17\bin\sunmscapi.dll
0x00007fffea7d0000 - 0x00007fffea936000 	C:\WINDOWS\System32\CRYPT32.dll
0x00007fffe9a40000 - 0x00007fffe9a6d000 	C:\WINDOWS\SYSTEM32\ncrypt.dll
0x00007fffe9a00000 - 0x00007fffe9a37000 	C:\WINDOWS\SYSTEM32\NTASN1.dll
0x00007fffccdb0000 - 0x00007fffccdb8000 	C:\WINDOWS\system32\wshunix.dll

dbghelp: loaded successfully - version: 4.0.5 - missing functions: none
symbol engine: initialized successfully - sym options: 0x614 - pdb path: .;C:\Program Files\Java\jdk-17\bin;C:\WINDOWS\SYSTEM32;C:\WINDOWS\WinSxS\amd64_microsoft.windows.common-controls_6595b64144ccf1df_6.0.22621.3672_none_2713b9d173822955;C:\Program Files\Java\jdk-17\bin\server;C:\Users\rickn\.gradle\native\c067742578af261105cb4f569cf0c3c89f3d7b1fecec35dd04571415982c5e48\windows-amd64;C:\Users\rickn\.gradle\native\100fb08df4bc3b14c8652ba06237920a3bd2aa13389f12d3474272988ae205f9\windows-amd64

VM Arguments:
jvm_args: --add-opens=java.base/java.util=ALL-UNNAMED --add-opens=java.base/java.lang=ALL-UNNAMED --add-opens=java.base/java.lang.invoke=ALL-UNNAMED --add-opens=java.prefs/java.util.prefs=ALL-UNNAMED --add-exports=jdk.compiler/com.sun.tools.javac.api=ALL-UNNAMED --add-exports=jdk.compiler/com.sun.tools.javac.util=ALL-UNNAMED --add-opens=java.base/java.nio.charset=ALL-UNNAMED --add-opens=java.base/java.net=ALL-UNNAMED --add-opens=java.base/java.util.concurrent.atomic=ALL-UNNAMED -XX:MaxMetaspaceSize=384m -XX:+HeapDumpOnOutOfMemoryError -Xms256m -Xmx512m -Dfile.encoding=UTF-8 -Duser.country=BR -Duser.language=pt -Duser.variant -javaagent:C:\Users\rickn\.gradle\wrapper\dists\gradle-8.10.2-bin\a04bxjujx95o3nb99gddekhwo\gradle-8.10.2\lib\agents\gradle-instrumentation-agent-8.10.2.jar 
java_command: org.gradle.launcher.daemon.bootstrap.GradleDaemon 8.10.2
java_class_path (initial): C:\Users\rickn\.gradle\wrapper\dists\gradle-8.10.2-bin\a04bxjujx95o3nb99gddekhwo\gradle-8.10.2\lib\gradle-daemon-main-8.10.2.jar
Launcher Type: SUN_STANDARD

[Global flags]
     intx CICompilerCount                          = 4                                         {product} {ergonomic}
   size_t CompressedClassSpaceSize                 = 335544320                                 {product} {ergonomic}
     uint ConcGCThreads                            = 3                                         {product} {ergonomic}
     uint G1ConcRefinementThreads                  = 10                                        {product} {ergonomic}
   size_t G1HeapRegionSize                         = 1048576                                   {product} {ergonomic}
    uintx GCDrainStackTargetSize                   = 64                                        {product} {ergonomic}
     bool HeapDumpOnOutOfMemoryError               = true                                   {manageable} {command line}
   size_t InitialHeapSize                          = 268435456                                 {product} {command line}
   size_t MarkStackSize                            = 4194304                                   {product} {ergonomic}
   size_t MaxHeapSize                              = 536870912                                 {product} {command line}
   size_t MaxMetaspaceSize                         = 402653184                                 {product} {command line}
   size_t MaxNewSize                               = 321912832                                 {product} {ergonomic}
   size_t MinHeapDeltaBytes                        = 1048576                                   {product} {ergonomic}
   size_t MinHeapSize                              = 268435456                                 {product} {command line}
    uintx NonNMethodCodeHeapSize                   = 5839372                                {pd product} {ergonomic}
    uintx NonProfiledCodeHeapSize                  = 122909434                              {pd product} {ergonomic}
    uintx ProfiledCodeHeapSize                     = 122909434                              {pd product} {ergonomic}
    uintx ReservedCodeCacheSize                    = 251658240                              {pd product} {ergonomic}
     bool SegmentedCodeCache                       = true                                      {product} {ergonomic}
   size_t SoftMaxHeapSize                          = 536870912                              {manageable} {ergonomic}
     bool UseCompressedClassPointers               = true                           {product lp64_product} {ergonomic}
     bool UseCompressedOops                        = true                           {product lp64_product} {ergonomic}
     bool UseG1GC                                  = true                                      {product} {ergonomic}
     bool UseLargePagesIndividualAllocation        = false                                  {pd product} {ergonomic}

Logging:
Log output configuration:
 #0: stdout all=warning uptime,level,tags
 #1: stderr all=off uptime,level,tags

Environment Variables:
JAVA_HOME=C:\Program Files\Java\jdk-17
PATH=C:\Program Files\Common Files\Oracle\Java\javapath;C:\WINDOWS\system32;C:\WINDOWS;C:\WINDOWS\System32\Wbem;C:\WINDOWS\System32\WindowsPowerShell\v1.0\;C:\WINDOWS\System32\OpenSSH\;C:\Program Files (x86)\nodejs\;C:\src\flutter\bin;C:\Program Files\Docker\Docker\resources\bin;C:\Program Files\Java\jdk-17\bin;C:\Program Files (x86)\Windows Kits\10\Windows Performance Toolkit\;C:\Program Files\Git\cmd;C:\Program Files\apache-maven-3.9.9\bin;;C:\Program Files (x86)\NVIDIA Corporation\PhysX\Common;C:\Program Files\NVIDIA Corporation\NVIDIA NvDLISR;C:\Users\rickn\AppData\Local\Programs\Python\Launcher\;C:\Users\rickn\AppData\Local\Microsoft\WindowsApps;C:\Users\rickn\AppData\Local\Microsoft\WinGet\Packages\Schniz.fnm_Microsoft.Winget.Source_8wekyb3d8bbwe;C:\Users\rickn\AppData\Roaming\npm;D:\Program Files\JetBrains\IntelliJ IDEA 2024.2.3\bin;;C:\Users\rickn\AppData\Local\Programs\Microsoft VS Code\bin
USERNAME=rickn
OS=Windows_NT
PROCESSOR_IDENTIFIER=Intel64 Family 6 Model 167 Stepping 1, GenuineIntel



---------------  S Y S T E M  ---------------

OS:
 Windows 11 , 64 bit Build 22621 (10.0.22621.3958)
OS uptime: 0 days 3:57 hours
Hyper-V role detected

CPU: total 12 (initial active 12) (6 cores per cpu, 2 threads per core) family 6 model 167 stepping 1 microcode 0x40, cx8, cmov, fxsr, ht, mmx, 3dnowpref, sse, sse2, sse3, ssse3, sse4.1, sse4.2, popcnt, lzcnt, tsc, tscinvbit, avx, avx2, aes, erms, clmul, bmi1, bmi2, adx, avx512f, avx512dq, avx512cd, avx512bw, avx512vl, sha, fma, vzeroupper, avx512_vpopcntdq, avx512_vpclmulqdq, avx512_vaes, avx512_vnni, clflush, clflushopt, avx512_vbmi2, avx512_vbmi, hv

Memory: 4k page, system-wide physical 32565M (20008M free)
TotalPageFile size 34613M (AvailPageFile size 18470M)
current process WorkingSet (physical memory assigned to process): 277M, peak: 277M
current process commit charge ("private bytes"): 454M, peak: 454M

vm_info: Java HotSpot(TM) 64-Bit Server VM (17.0.11+7-LTS-207) for windows-amd64 JRE (17.0.11+7-LTS-207), built on Mar 11 2024 19:01:50 by "mach5one" with MS VC++ 17.6 (VS2022)

END.
